[    0.000000] Linux version 4.15.0-106-generic (buildd@lcy01-amd64-016) (gcc version 7.5.0 (Ubuntu 7.5.0-3ubuntu1~18.04)) #107-Ubuntu SMP Thu Jun 4 11:27:52 UTC 2020 (Ubuntu 4.15.0-106.107-generic 4.15.18)
[    0.000000] Command line: BOOT_IMAGE=/boot/vmlinuz-4.15.0-106-generic root=LABEL=cloudimg-rootfs ro console=tty1 console=ttyS0
[    0.000000] KERNEL supported cpus:
[    0.000000]   Intel GenuineIntel
[    0.000000]   AMD AuthenticAMD
[    0.000000]   Centaur CentaurHauls
[    0.000000] x86/fpu: Supporting XSAVE feature 0x001: 'x87 floating point registers'
[    0.000000] x86/fpu: Supporting XSAVE feature 0x002: 'SSE registers'
[    0.000000] x86/fpu: Supporting XSAVE feature 0x004: 'AVX registers'
[    0.000000] x86/fpu: xstate_offset[2]:  576, xstate_sizes[2]:  256
[    0.000000] x86/fpu: Enabled xstate features 0x7, context size is 832 bytes, using 'standard' format.
[    0.000000] e820: BIOS-provided physical RAM map:
[    0.000000] BIOS-e820: [mem 0x0000000000000000-0x000000000009fbff] usable
[    0.000000] BIOS-e820: [mem 0x000000000009fc00-0x000000000009ffff] reserved
[    0.000000] BIOS-e820: [mem 0x00000000000f0000-0x00000000000fffff] reserved
[    0.000000] BIOS-e820: [mem 0x0000000000100000-0x00000000dffeffff] usable
[    0.000000] BIOS-e820: [mem 0x00000000dfff0000-0x00000000dfffffff] ACPI data
[    0.000000] BIOS-e820: [mem 0x00000000fec00000-0x00000000fec00fff] reserved
[    0.000000] BIOS-e820: [mem 0x00000000fee00000-0x00000000fee00fff] reserved
[    0.000000] BIOS-e820: [mem 0x00000000fffc0000-0x00000000ffffffff] reserved
[    0.000000] BIOS-e820: [mem 0x0000000100000000-0x000000011cffffff] usable
[    0.000000] NX (Execute Disable) protection: active
[    0.000000] SMBIOS 2.5 present.
[    0.000000] DMI: innotek GmbH VirtualBox/VirtualBox, BIOS VirtualBox 12/01/2006
[    0.000000] Hypervisor detected: KVM
[    0.000000] e820: last_pfn = 0x11d000 max_arch_pfn = 0x400000000
[    0.000000] MTRR: Disabled
[    0.000000] x86/PAT: MTRRs disabled, skipping PAT initialization too.
[    0.000000] CPU MTRRs all blank - virtualized system.
[    0.000000] x86/PAT: Configuration [0-7]: WB  WT  UC- UC  WB  WT  UC- UC  
[    0.000000] e820: last_pfn = 0xdfff0 max_arch_pfn = 0x400000000
[    0.000000] found SMP MP-table at [mem 0x0009fff0-0x0009ffff]
[    0.000000] Scanning 1 areas for low memory corruption
[    0.000000] RAMDISK: [mem 0x35a6b000-0x36d2cfff]
[    0.000000] ACPI: Early table checksum verification disabled
[    0.000000] ACPI: RSDP 0x00000000000E0000 000024 (v02 VBOX  )
[    0.000000] ACPI: XSDT 0x00000000DFFF0030 00003C (v01 VBOX   VBOXXSDT 00000001 ASL  00000061)
[    0.000000] ACPI: FACP 0x00000000DFFF00F0 0000F4 (v04 VBOX   VBOXFACP 00000001 ASL  00000061)
[    0.000000] ACPI: DSDT 0x00000000DFFF0470 002325 (v02 VBOX   VBOXBIOS 00000002 INTL 20190509)
[    0.000000] ACPI: FACS 0x00000000DFFF0200 000040
[    0.000000] ACPI: FACS 0x00000000DFFF0200 000040
[    0.000000] ACPI: APIC 0x00000000DFFF0240 000054 (v02 VBOX   VBOXAPIC 00000001 ASL  00000061)
[    0.000000] ACPI: SSDT 0x00000000DFFF02A0 0001CC (v01 VBOX   VBOXCPUT 00000002 INTL 20190509)
[    0.000000] No NUMA configuration found
[    0.000000] Faking a node at [mem 0x0000000000000000-0x000000011cffffff]
[    0.000000] NODE_DATA(0) allocated [mem 0x11cfd3000-0x11cffdfff]
[    0.000000] kvm-clock: cpu 0, msr 1:1cf52001, primary cpu clock
[    0.000000] kvm-clock: Using msrs 4b564d01 and 4b564d00
[    0.000000] kvm-clock: using sched offset of 3092843037 cycles
[    0.000000] clocksource: kvm-clock: mask: 0xffffffffffffffff max_cycles: 0x1cd42e4dffb, max_idle_ns: 881590591483 ns
[    0.000000] Zone ranges:
[    0.000000]   DMA      [mem 0x0000000000001000-0x0000000000ffffff]
[    0.000000]   DMA32    [mem 0x0000000001000000-0x00000000ffffffff]
[    0.000000]   Normal   [mem 0x0000000100000000-0x000000011cffffff]
[    0.000000]   Device   empty
[    0.000000] Movable zone start for each node
[    0.000000] Early memory node ranges
[    0.000000]   node   0: [mem 0x0000000000001000-0x000000000009efff]
[    0.000000]   node   0: [mem 0x0000000000100000-0x00000000dffeffff]
[    0.000000]   node   0: [mem 0x0000000100000000-0x000000011cffffff]
[    0.000000] Reserved but unavailable: 98 pages
[    0.000000] Initmem setup node 0 [mem 0x0000000000001000-0x000000011cffffff]
[    0.000000] ACPI: PM-Timer IO Port: 0x4008
[    0.000000] IOAPIC[0]: apic_id 1, version 32, address 0xfec00000, GSI 0-23
[    0.000000] ACPI: INT_SRC_OVR (bus 0 bus_irq 0 global_irq 2 dfl dfl)
[    0.000000] ACPI: INT_SRC_OVR (bus 0 bus_irq 9 global_irq 9 low level)
[    0.000000] Using ACPI (MADT) for SMP configuration information
[    0.000000] smpboot: Allowing 1 CPUs, 0 hotplug CPUs
[    0.000000] PM: Registered nosave memory: [mem 0x00000000-0x00000fff]
[    0.000000] PM: Registered nosave memory: [mem 0x0009f000-0x0009ffff]
[    0.000000] PM: Registered nosave memory: [mem 0x000a0000-0x000effff]
[    0.000000] PM: Registered nosave memory: [mem 0x000f0000-0x000fffff]
[    0.000000] PM: Registered nosave memory: [mem 0xdfff0000-0xdfffffff]
[    0.000000] PM: Registered nosave memory: [mem 0xe0000000-0xfebfffff]
[    0.000000] PM: Registered nosave memory: [mem 0xfec00000-0xfec00fff]
[    0.000000] PM: Registered nosave memory: [mem 0xfec01000-0xfedfffff]
[    0.000000] PM: Registered nosave memory: [mem 0xfee00000-0xfee00fff]
[    0.000000] PM: Registered nosave memory: [mem 0xfee01000-0xfffbffff]
[    0.000000] PM: Registered nosave memory: [mem 0xfffc0000-0xffffffff]
[    0.000000] e820: [mem 0xe0000000-0xfebfffff] available for PCI devices
[    0.000000] Booting paravirtualized kernel on KVM
[    0.000000] clocksource: refined-jiffies: mask: 0xffffffff max_cycles: 0xffffffff, max_idle_ns: 7645519600211568 ns
[    0.000000] random: get_random_bytes called from start_kernel+0x99/0x4fd with crng_init=0
[    0.000000] setup_percpu: NR_CPUS:8192 nr_cpumask_bits:1 nr_cpu_ids:1 nr_node_ids:1
[    0.000000] percpu: Embedded 45 pages/cpu s147456 r8192 d28672 u2097152
[    0.000000] PV qspinlock hash table entries: 256 (order: 0, 4096 bytes)
[    0.000000] Built 1 zonelists, mobility grouping on.  Total pages: 1019961
[    0.000000] Policy zone: Normal
[    0.000000] Kernel command line: BOOT_IMAGE=/boot/vmlinuz-4.15.0-106-generic root=LABEL=cloudimg-rootfs ro console=tty1 console=ttyS0
[    0.000000] Memory: 3964688K/4144696K available (12300K kernel code, 2481K rwdata, 4272K rodata, 2436K init, 2720K bss, 180008K reserved, 0K cma-reserved)
[    0.000000] SLUB: HWalign=64, Order=0-3, MinObjects=0, CPUs=1, Nodes=1
[    0.000000] Kernel/User page tables isolation: enabled
[    0.000000] ftrace: allocating 39378 entries in 154 pages
[    0.004000] Hierarchical RCU implementation.
[    0.004000] 	RCU restricting CPUs from NR_CPUS=8192 to nr_cpu_ids=1.
[    0.004000] 	Tasks RCU enabled.
[    0.004000] RCU: Adjusting geometry for rcu_fanout_leaf=16, nr_cpu_ids=1
[    0.004000] NR_IRQS: 524544, nr_irqs: 256, preallocated irqs: 16
[    0.004000] Console: colour VGA+ 80x25
[    0.004000] console [tty1] enabled
[    0.004000] console [ttyS0] enabled
[    0.004000] ACPI: Core revision 20170831
[    0.004000] ACPI: 2 ACPI AML tables successfully acquired and loaded
[    0.004000] APIC: Switch to symmetric I/O mode setup
[    0.004000] x2apic enabled
[    0.004000] Switched APIC routing to physical x2apic.
[    0.004000] ..TIMER: vector=0x30 apic1=0 pin1=2 apic2=-1 pin2=-1
[    0.004000] tsc: Detected 4008.000 MHz processor
[    0.004009] Calibrating delay loop (skipped) preset value.. 8016.00 BogoMIPS (lpj=16032000)
[    0.004920] pid_max: default: 32768 minimum: 301
[    0.005444] Security Framework initialized
[    0.005962] Yama: becoming mindful.
[    0.006369] AppArmor: AppArmor initialized
[    0.007752] Dentry cache hash table entries: 524288 (order: 10, 4194304 bytes)
[    0.008425] Inode-cache hash table entries: 262144 (order: 9, 2097152 bytes)
[    0.009178] Mount-cache hash table entries: 8192 (order: 4, 65536 bytes)
[    0.009873] Mountpoint-cache hash table entries: 8192 (order: 4, 65536 bytes)
[    0.010803] process: using mwait in idle threads
[    0.012005] Last level iTLB entries: 4KB 64, 2MB 8, 4MB 8
[    0.012578] Last level dTLB entries: 4KB 64, 2MB 0, 4MB 0, 1GB 4
[    0.013249] Spectre V1 : Mitigation: usercopy/swapgs barriers and __user pointer sanitization
[    0.014354] Spectre V2 : Mitigation: Full generic retpoline
[    0.014946] Spectre V2 : Spectre v2 / SpectreRSB mitigation: Filling RSB on context switch
[    0.015826] Speculative Store Bypass: Vulnerable
[    0.016036] SRBDS: Unknown: Dependent on hypervisor status
[    0.017003] MDS: Mitigation: Clear CPU buffers
[    0.028837] Freeing SMP alternatives memory: 36K
[    0.138844] smpboot: CPU0: Intel(R) Core(TM) i7-6700K CPU @ 4.00GHz (family: 0x6, model: 0x5e, stepping: 0x3)
[    0.140000] Performance Events: unsupported p6 CPU model 94 no PMU driver, software events only.
[    0.140000] Hierarchical SRCU implementation.
[    0.140000] NMI watchdog: Perf event create on CPU 0 failed with -2
[    0.140002] NMI watchdog: Perf NMI watchdog permanently disabled
[    0.140722] smp: Bringing up secondary CPUs ...
[    0.141211] smp: Brought up 1 node, 1 CPU
[    0.141657] smpboot: Max logical packages: 1
[    0.142125] smpboot: Total of 1 processors activated (8016.00 BogoMIPS)
[    0.143119] devtmpfs: initialized
[    0.143610] x86/mm: Memory block size: 128MB
[    0.144768] evm: security.selinux
[    0.145440] evm: security.SMACK64
[    0.145902] evm: security.SMACK64EXEC
[    0.146404] evm: security.SMACK64TRANSMUTE
[    0.147048] evm: security.SMACK64MMAP
[    0.147539] evm: security.apparmor
[    0.148010] evm: security.ima
[    0.148492] evm: security.capability
[    0.149010] clocksource: jiffies: mask: 0xffffffff max_cycles: 0xffffffff, max_idle_ns: 7645041785100000 ns
[    0.150063] futex hash table entries: 256 (order: 2, 16384 bytes)
[    0.150753] pinctrl core: initialized pinctrl subsystem
[    0.152082] RTC time: 10:50:12, date: 06/23/20
[    0.152644] NET: Registered protocol family 16
[    0.153352] audit: initializing netlink subsys (disabled)
[    0.154584] cpuidle: using governor ladder
[    0.155165] cpuidle: using governor menu
[    0.156038] ACPI: bus type PCI registered
[    0.156587] acpiphp: ACPI Hot Plug PCI Controller Driver version: 0.5
[    0.157343] PCI: Using configuration type 1 for base access
[    0.158019] audit: type=2000 audit(1592909416.559:1): state=initialized audit_enabled=0 res=1
[    0.159791] HugeTLB registered 2.00 MiB page size, pre-allocated 0 pages
[    0.160155] ACPI: Added _OSI(Module Device)
[    0.160746] ACPI: Added _OSI(Processor Device)
[    0.161311] ACPI: Added _OSI(3.0 _SCP Extensions)
[    0.161925] ACPI: Added _OSI(Processor Aggregator Device)
[    0.162582] ACPI: Added _OSI(Linux-Dell-Video)
[    0.163155] ACPI: Added _OSI(Linux-Lenovo-NV-HDMI-Audio)
[    0.164014] ACPI: Added _OSI(Linux-HPI-Hybrid-Graphics)
[    0.164939] ACPI: Executed 1 blocks of module-level executable AML code
[    0.168976] ACPI: Interpreter enabled
[    0.169454] ACPI: (supports S0 S5)
[    0.169909] ACPI: Using IOAPIC for interrupt routing
[    0.170793] PCI: Using host bridge windows from ACPI; if necessary, use "pci=nocrs" and report a bug
[    0.172000] ACPI: Enabled 2 GPEs in block 00 to 07
[    0.177970] ACPI: PCI Root Bridge [PCI0] (domain 0000 [bus 00-ff])
[    0.178807] acpi PNP0A03:00: _OSC: OS supports [ASPM ClockPM Segments MSI]
[    0.180000] acpi PNP0A03:00: _OSC: not requesting OS control; OS requires [ExtendedConfig ASPM ClockPM MSI]
[    0.180016] acpi PNP0A03:00: fail to add MMCONFIG information, can't access extended PCI configuration space under this bridge.
[    0.181938] PCI host bridge to bus 0000:00
[    0.182501] pci_bus 0000:00: root bus resource [io  0x0000-0x0cf7 window]
[    0.184003] pci_bus 0000:00: root bus resource [io  0x0d00-0xffff window]
[    0.184998] pci_bus 0000:00: root bus resource [mem 0x000a0000-0x000bffff window]
[    0.186041] pci_bus 0000:00: root bus resource [mem 0xe0000000-0xfdffffff window]
[    0.187070] pci_bus 0000:00: root bus resource [bus 00-ff]
[    0.189504] pci 0000:00:01.1: legacy IDE quirk: reg 0x10: [io  0x01f0-0x01f7]
[    0.190517] pci 0000:00:01.1: legacy IDE quirk: reg 0x14: [io  0x03f6]
[    0.191239] pci 0000:00:01.1: legacy IDE quirk: reg 0x18: [io  0x0170-0x0177]
[    0.192004] pci 0000:00:01.1: legacy IDE quirk: reg 0x1c: [io  0x0376]
[    0.225150] pci 0000:00:07.0: quirk: [io  0x4000-0x403f] claimed by PIIX4 ACPI
[    0.226150] pci 0000:00:07.0: quirk: [io  0x4100-0x410f] claimed by PIIX4 SMB
[    0.249208] ACPI: PCI Interrupt Link [LNKA] (IRQs 5 9 10 *11)
[    0.250202] ACPI: PCI Interrupt Link [LNKB] (IRQs 5 9 *10 11)
[    0.252083] ACPI: PCI Interrupt Link [LNKC] (IRQs 5 *9 10 11)
[    0.252772] ACPI: PCI Interrupt Link [LNKD] (IRQs 5 9 10 *11)
[    0.253703] SCSI subsystem initialized
[    0.254311] pci 0000:00:02.0: vgaarb: setting as boot VGA device
[    0.255096] pci 0000:00:02.0: vgaarb: VGA device added: decodes=io+mem,owns=io+mem,locks=none
[    0.256000] pci 0000:00:02.0: vgaarb: bridge control possible
[    0.256003] vgaarb: loaded
[    0.256441] ACPI: bus type USB registered
[    0.256952] usbcore: registered new interface driver usbfs
[    0.257542] usbcore: registered new interface driver hub
[    0.258125] usbcore: registered new device driver usb
[    0.260048] EDAC MC: Ver: 3.0.0
[    0.260603] PCI: Using ACPI for IRQ routing
[    0.261262] NetLabel: Initializing
[    0.261661] NetLabel:  domain hash size = 128
[    0.262131] NetLabel:  protocols = UNLABELED CIPSOv4 CALIPSO
[    0.262748] NetLabel:  unlabeled traffic allowed by default
[    0.263458] clocksource: Switched to clocksource kvm-clock
[    0.268639] VFS: Disk quotas dquot_6.6.0
[    0.269212] VFS: Dquot-cache hash table entries: 512 (order 0, 4096 bytes)
[    0.270157] AppArmor: AppArmor Filesystem Enabled
[    0.270797] pnp: PnP ACPI init
[    0.271895] pnp: PnP ACPI: found 3 devices
[    0.277978] clocksource: acpi_pm: mask: 0xffffff max_cycles: 0xffffff, max_idle_ns: 2085701024 ns
[    0.279103] NET: Registered protocol family 2
[    0.279713] TCP established hash table entries: 32768 (order: 6, 262144 bytes)
[    0.280568] TCP bind hash table entries: 32768 (order: 7, 524288 bytes)
[    0.281292] TCP: Hash tables configured (established 32768 bind 32768)
[    0.281998] UDP hash table entries: 2048 (order: 4, 65536 bytes)
[    0.282701] UDP-Lite hash table entries: 2048 (order: 4, 65536 bytes)
[    0.283411] NET: Registered protocol family 1
[    0.283898] pci 0000:00:00.0: Limiting direct PCI/PCI transfers
[    0.284582] pci 0000:00:01.0: Activating ISA DMA hang workarounds
[    0.285282] pci 0000:00:02.0: Video device with shadowed ROM at [mem 0x000c0000-0x000dffff]
[    0.286290] Unpacking initramfs...
[    0.499339] Freeing initrd memory: 19208K
[    0.502812] PCI-DMA: Using software bounce buffering for IO (SWIOTLB)
[    0.503594] software IO TLB: mapped [mem 0xdbff0000-0xdfff0000] (64MB)
[    0.504344] clocksource: tsc: mask: 0xffffffffffffffff max_cycles: 0x39c5e21a6f1, max_idle_ns: 440795312983 ns
[    0.505436] platform rtc_cmos: registered platform RTC device (no PNP device found)
[    0.506301] Scanning for low memory corruption every 60 seconds
[    0.507338] Initialise system trusted keyrings
[    0.507831] Key type blacklist registered
[    0.508355] workingset: timestamp_bits=36 max_order=20 bucket_order=0
[    0.509674] zbud: loaded
[    0.510314] squashfs: version 4.0 (2009/01/31) Phillip Lougher
[    0.511021] fuse init (API version 7.26)
[    0.512447] Key type asymmetric registered
[    0.513012] Asymmetric key parser 'x509' registered
[    0.513687] Block layer SCSI generic (bsg) driver version 0.4 loaded (major 246)
[    0.514695] io scheduler noop registered
[    0.515151] io scheduler deadline registered
[    0.515651] io scheduler cfq registered (default)
[    0.516408] ACPI: AC Adapter [AC] (on-line)
[    0.516949] input: Power Button as /devices/LNXSYSTM:00/LNXPWRBN:00/input/input0
[    0.518024] ACPI: Power Button [PWRF]
[    0.518575] input: Sleep Button as /devices/LNXSYSTM:00/LNXSLPBN:00/input/input1
[    0.519580] ACPI: Sleep Button [SLPF]
[    0.520279] Serial: 8250/16550 driver, 32 ports, IRQ sharing enabled
[    0.541459] 00:02: ttyS0 at I/O 0x3f8 (irq = 4, base_baud = 115200) is a 16550A
[    0.543238] Linux agpgart interface v0.103
[    0.544417] loop: module loaded
[    0.545164] scsi host0: ata_piix
[    0.545601] scsi host1: ata_piix
[    0.546007] ata1: PATA max UDMA/33 cmd 0x1f0 ctl 0x3f6 bmdma 0xd000 irq 14
[    0.546739] ata2: PATA max UDMA/33 cmd 0x170 ctl 0x376 bmdma 0xd008 irq 15
[    0.547697] libphy: Fixed MDIO Bus: probed
[    0.548197] tun: Universal TUN/TAP device driver, 1.6
[    0.548770] PPP generic driver version 2.4.2
[    0.549273] ehci_hcd: USB 2.0 'Enhanced' Host Controller (EHCI) Driver
[    0.549989] ehci-pci: EHCI PCI platform driver
[    0.550582] ehci-platform: EHCI generic platform driver
[    0.551246] ohci_hcd: USB 1.1 'Open' Host Controller (OHCI) Driver
[    0.551917] ohci-pci: OHCI PCI platform driver
[    0.552616] ohci-platform: OHCI generic platform driver
[    0.553197] uhci_hcd: USB Universal Host Controller Interface driver
[    0.553920] i8042: PNP: PS/2 Controller [PNP0303:PS2K,PNP0f03:PS2M] at 0x60,0x64 irq 1,12
[    0.555148] serio: i8042 KBD port at 0x60,0x64 irq 1
[    0.555708] serio: i8042 AUX port at 0x60,0x64 irq 12
[    0.556349] mousedev: PS/2 mouse device common for all mice
[    0.557127] input: AT Translated Set 2 keyboard as /devices/platform/i8042/serio0/input/input2
[    0.558558] rtc_cmos rtc_cmos: rtc core: registered rtc_cmos as rtc0
[    0.559449] rtc_cmos rtc_cmos: alarms up to one day, 114 bytes nvram
[    0.560318] i2c /dev entries driver
[    0.560865] device-mapper: uevent: version 1.0.3
[    0.561915] device-mapper: ioctl: 4.37.0-ioctl (2017-09-20) initialised: dm-devel@redhat.com
[    0.563125] ledtrig-cpu: registered to indicate activity on CPUs
[    0.563872] intel_pmc_core:  initialized
[    0.564497] NET: Registered protocol family 10
[    0.567269] Segment Routing with IPv6
[    0.567763] NET: Registered protocol family 17
[    0.568330] Key type dns_resolver registered
[    0.568888] mce: Using 0 MCE banks
[    0.569289] RAS: Correctable Errors collector initialized.
[    0.569896] sched_clock: Marking stable (568292330, 0)->(728643055, -160350725)
[    0.570797] registered taskstats version 1
[    0.571264] Loading compiled-in X.509 certificates
[    0.573236] Loaded X.509 cert 'Build time autogenerated kernel key: b1772ce3e036cbf6bf2b7e9ed9be0f8806d61091'
[    0.574517] zswap: loaded using pool lzo/zbud
[    0.576958] Key type big_key registered
[    0.577427] Key type trusted registered
[    0.578906] Key type encrypted registered
[    0.579395] AppArmor: AppArmor sha1 policy hashing enabled
[    0.579990] ima: No TPM chip found, activating TPM-bypass! (rc=-19)
[    0.580711] ima: Allocated hash algorithm: sha1
[    0.581212] evm: HMAC attrs: 0x1
[    0.581757]   Magic number: 8:575:831
[    0.582245] rtc_cmos rtc_cmos: setting system clock to 2020-06-23 10:50:12 UTC (1592909412)
[    0.583279] BIOS EDD facility v0.16 2004-Jun-25, 0 devices found
[    0.583988] EDD information not available.
[    0.728552] Freeing unused kernel image memory: 2436K
[    0.736109] Write protecting the kernel read-only data: 20480k
[    0.737140] Freeing unused kernel image memory: 2008K
[    0.737917] Freeing unused kernel image memory: 1872K
[    0.743465] x86/mm: Checked W+X mappings: passed, no W+X pages found.
[    0.744162] x86/mm: Checking user space page tables
[    0.749599] x86/mm: Checked W+X mappings: passed, no W+X pages found.
Loading, please wait...
starting version 237
[    0.829781] e1000: Intel(R) PRO/1000 Network Driver - version 7.3.21-k8-NAPI
[    0.830616] e1000: Copyright (c) 1999-2006 Intel Corporation.
[    0.835221] Fusion MPT base driver 3.04.20
[    0.835758] Copyright (c) 1999-2008 LSI Corporation
[    0.838347] Fusion MPT SPI Host driver 3.04.20
[    0.854232] AVX2 version of gcm_enc/dec engaged.
[    0.854858] AES CTR mode by8 optimization enabled
[    1.046043] input: ImExPS/2 Generic Explorer Mouse as /devices/platform/i8042/serio1/input/input4
[    1.198914] e1000 0000:00:03.0 eth0: (PCI:33MHz:32-bit) 02:08:97:ad:f6:aa
[    1.199749] e1000 0000:00:03.0 eth0: Intel(R) PRO/1000 Network Connection
[    1.201257] mptbase: ioc0: Initiating bringup
[    1.296136] ioc0: LSI53C1030 A0: Capabilities={Initiator}
[    1.536531] scsi host2: ioc0: LSI53C1030 A0, FwRev=00000000h, Ports=1, MaxQ=256, IRQ=20
[    1.704218] scsi 2:0:0:0: Direct-Access     VBOX     HARDDISK         1.0  PQ: 0 ANSI: 5
[    1.705181] scsi target2:0:0: Beginning Domain Validation
[    1.707049] scsi target2:0:0: Domain Validation skipping write tests
[    1.707735] scsi target2:0:0: Ending Domain Validation
[    1.708333] scsi target2:0:0: asynchronous
[    1.708819] random: fast init done
[    1.709409] scsi 2:0:1:0: Direct-Access     VBOX     HARDDISK         1.0  PQ: 0 ANSI: 5
[    1.710377] scsi target2:0:1: Beginning Domain Validation
[    1.711545] scsi target2:0:1: Domain Validation skipping write tests
[    1.712450] scsi target2:0:1: Ending Domain Validation
[    1.713198] scsi target2:0:1: asynchronous
[    1.715948] random: systemd-udevd: uninitialized urandom read (16 bytes read)
[    1.716919] random: systemd-udevd: uninitialized urandom read (16 bytes read)
[    1.718236] random: systemd-udevd: uninitialized urandom read (16 bytes read)
[    1.719364] sd 2:0:0:0: Attached scsi generic sg0 type 0
[    1.720064] sd 2:0:0:0: [sda] 20971520 512-byte logical blocks: (10.7 GB/10.0 GiB)
[    1.721106] sd 2:0:0:0: [sda] Write Protect is off
[    1.721885] sd 2:0:0:0: [sda] Incomplete mode parameter data
[    1.722649] sd 2:0:0:0: [sda] Assuming drive cache: write through
[    1.723493] sd 2:0:1:0: [sdb] 20480 512-byte logical blocks: (10.5 MB/10.0 MiB)
[    1.724639] sd 2:0:1:0: [sdb] Write Protect is off
[    1.725660] sd 2:0:1:0: [sdb] Incomplete mode parameter data
[    1.726380] sd 2:0:1:0: [sdb] Assuming drive cache: write through
[    1.727127] sd 2:0:1:0: Attached scsi generic sg1 type 0
[    1.734474]  sda: sda1
[    1.735289] sd 2:0:0:0: [sda] Attached SCSI disk
[    1.756004] sd 2:0:1:0: [sdb] Attached SCSI disk
[    2.063061] e1000 0000:00:08.0 eth1: (PCI:33MHz:32-bit) 08:00:27:2a:2e:5a
[    2.063869] e1000 0000:00:08.0 eth1: Intel(R) PRO/1000 Network Connection
[    2.065478] e1000 0000:00:08.0 enp0s8: renamed from eth1
[    2.067362] e1000 0000:00:03.0 enp0s3: renamed from eth0
Begin: Loading essential drivers ... [    3.398976] raid6: sse2x1   gen() 13975 MB/s
[    3.462554] raid6: sse2x1   xor()  9875 MB/s
[    3.526056] raid6: sse2x2   gen() 17606 MB/s
[    3.589550] raid6: sse2x2   xor() 11828 MB/s
[    3.653059] raid6: sse2x4   gen() 19760 MB/s
[    3.721365] raid6: sse2x4   xor() 13621 MB/s
[    3.781241] raid6: avx2x1   gen() 27099 MB/s
[    3.844641] raid6: avx2x1   xor() 20144 MB/s
[    3.908083] raid6: avx2x2   gen() 32906 MB/s
[    3.983612] raid6: avx2x2   xor() 27043 MB/s
[    4.047588] raid6: avx2x4   gen() 40054 MB/s
[    4.099774] raid6: avx2x4   xor() 23292 MB/s
[    4.100471] raid6: using algorithm avx2x4 gen() 40054 MB/s
[    4.101066] raid6: .... xor() 23292 MB/s, rmw enabled
[    4.101671] raid6: using avx2x2 recovery algorithm
[    4.103688] xor: automatically using best checksumming function   avx       
[    4.105964] async_tx: api initialized (async)
done.
Begin: Running /scripts/init-premount ... done.
Begin: Mounting root file system ... Begin: Running /scripts/local-top ... done.
Begin: Running /scripts/local-premount ... [    4.147890] Btrfs loaded, crc32c=crc32c-intel
Scanning for Btrfs filesystems
done.
Warning: fsck not present, so skipping root file system
[    4.181457] EXT4-fs (sda1): mounted filesystem with ordered data mode. Opts: (null)
done.
Begin: Running /scripts/local-bottom ... done.
Begin: Running /scripts/init-bottom ... done.
[    4.309589] ip_tables: (C) 2000-2006 Netfilter Core Team
[    4.316465] systemd[1]: systemd 237 running in system mode. (+PAM +AUDIT +SELINUX +IMA +APPARMOR +SMACK +SYSVINIT +UTMP +LIBCRYPTSETUP +GCRYPT +GNUTLS +ACL +XZ +LZ4 +SECCOMP +BLKID +ELFUTILS +KMOD -IDN2 +IDN -PCRE2 default-hierarchy=hybrid)
[    4.318700] systemd[1]: Detected virtualization oracle.
[    4.319272] systemd[1]: Detected architecture x86-64.

Welcome to [1mUbuntu 18.04.4 LTS[0m!

[    4.321861] systemd[1]: Set hostname to <ubuntu>.
[    4.324142] systemd[1]: Initializing machine ID from random generator.
[    4.324868] systemd[1]: Installed transient /etc/machine-id file.
[    4.507548] systemd[1]: Set up automount Arbitrary Executable File Formats File System Automount Point.
[[0;32m  OK  [0m] Set up automount Arbitrary Executab…rmats File System Automount Point.
[    4.509547] systemd[1]: Reached target System Time Synchronized.
[[0;32m  OK  [0m] Reached target System Time Synchronized.
[    4.510993] systemd[1]: Started Forward Password Requests to Wall Directory Watch.
[[0;32m  OK  [0m] Started Forward Password Requests to Wall Directory Watch.
[    4.512817] systemd[1]: Reached target User and Group Name Lookups.
[[0;32m  OK  [0m] Reached target User and Group Name Lookups.
[[0;32m  OK  [0m] Created slice User and Session Slice.
[[0;32m  OK  [0m] Created slice System Slice.
[[0;32m  OK  [0m] Created slice system-serial\x2dgetty.slice.
[[0;32m  OK  [0m] Listening on Syslog Socket.
[[0;32m  OK  [0m] Listening on Journal Audit Socket.
[[0;32m  OK  [0m] Listening on Network Service Netlink Socket.
[[0;32m  OK  [0m] Reached target Slices.
[[0;32m  OK  [0m] Listening on Device-mapper event daemon FIFOs.
[[0;32m  OK  [0m] Listening on LVM2 poll daemon socket.
[[0;32m  OK  [0m] Listening on LVM2 metadata daemon socket.
[[0;32m  OK  [0m] Listening on Journal Socket.
         Starting Create list of required st…ce nodes for the current kernel...
         Mounting Huge Pages File System...
         Starting Remount Root and Kernel File Systems...
         Starting Load Kernel Modules...
[[0;32m  OK  [0m] Listening on /dev/initctl Compatibility Named Pipe.
         Mounting Kernel Debug File System...
         Starting Monitoring of LVM2 mirrors…ng dmeventd or progress polling...
         Starting Set the console keyboard layout...
[[0;32m  OK  [0m] Listening on udev Kernel Socket.
[[0;32m  OK  [0m] Listening on udev Control Socket.
         Starting udev Coldplug all Devices...
         Mounting POSIX Message Queue File System...
         Starting Uncomplicated firewall...
[[0;32m  OK  [0m] Reached target Swap.
[[0;32m  OK  [0m] Listening on Journal Socket (/dev/log).
         Starting Journal Service...
[    4.566766] Loading iSCSI transport class v2.0-870.
[[0;32m  OK  [0m] Started Create list of required sta…vice nodes for the current kernel.
[[0;32m  OK  [0m] Mounted Huge Pages File System.
[[0;32m  OK  [0m] Mounted Kernel Debug File System.
[[0;32m  OK  [0m] Mounted POSIX Message Queue File System.
         Starting Create Static Device Nodes in /dev...
[[0;32m  OK  [0m] Started LVM2 metadata daemon.
[    4.627737] EXT4-fs (sda1): re-mounted. Opts: (null)
[[0;32m  OK  [0m] Started Remount Root and Kernel File Systems.
         Starting Load/Save Random Seed...
[    4.670221] iscsi: registered transport (tcp)
[    4.680980] iscsi: registered transport (iser)
[[0;32m  OK  [0m] Started Journal Service.
[[0;32m  OK  [0m] Started Load Kernel Modules.
[[0;32m  OK  [0m] Started Create Static Device Nodes in /dev.
[[0;32m  OK  [0m] Started udev Coldplug all Devices.
         Starting udev Kernel Device Manager...
         Mounting FUSE Control File System...
         Starting Apply Kernel Variables...
         Mounting Kernel Configuration File System...
         Starting Flush Journal to Persistent Storage...
[[0;32m  OK  [0m] Started Uncomplicated firewall.
[[0;32m  OK  [0m] Mounted FUSE Control File System.
[[0;32m  OK  [0m] Mounted Kernel Configuration File System.
[[0;32m  OK  [0m] Started Monitoring of LVM2 mirrors,…sing dmeventd or progress polling.
[[0;32m  OK  [0m] Started Load/Save Random Seed.
[[0;32m  OK  [0m] Started udev Kernel Device Manager.
[[0;32m  OK  [0m] Started Apply Kernel Variables.
[[0;32m  OK  [0m] Started Flush Journal to Persistent Storage.
[[0;32m  OK  [0m] Started Set the console keyboard layout.
[[0;32m  OK  [0m] Started Dispatch Password Requests to Console Directory Watch.
[[0;32m  OK  [0m] Reached target Local Encrypted Volumes.
[[0;32m  OK  [0m] Reached target Local File Systems (Pre).
[[0;32m  OK  [0m] Reached target Local File Systems.
         Starting Commit a transient machine-id on disk...
         Starting AppArmor initialization...
         Starting Create Volatile Files and Directories...
         Starting ebtables ruleset management...
         Starting Tell Plymouth To Write Out Runtime Data...
         Starting Set console font and keymap...
[[0;32m  OK  [0m] Started Tell Plymouth To Write Out Runtime Data.
[[0;32m  OK  [0m] Started Commit a transient machine-id on disk.
[[0;32m  OK  [0m] Started Set console font and keymap.
[[0;32m  OK  [0m] Started Create Volatile Files and Directories.
         Starting Update UTMP about System Boot/Shutdown...
[[0;32m  OK  [0m] Started Update UTMP about System Boot/Shutdown.
[[0;32m  OK  [0m] Started ebtables ruleset management.
[[0;32m  OK  [0m] Found device /dev/ttyS0.
[[0;32m  OK  [0m] Listening on Load/Save RF Kill Switch Status /dev/rfkill Watch.
[[0;32m  OK  [0m] Started AppArmor initialization.
         Starting Initial cloud-init job (pre-networking)...
[    6.830451] cloud-init[534]: Cloud-init v. 19.4-33-gbb4131a2-0ubuntu1~18.04.1 running 'init-local' at Tue, 23 Jun 2020 10:50:18 +0000. Up 6.58 seconds.
[[0;32m  OK  [0m] Started Initial cloud-init job (pre-networking).
[[0;32m  OK  [0m] Reached target Network (Pre).
         Starting Network Service...
[[0;32m  OK  [0m] Started Network Service.
         Starting Network Name Resolution...
         Starting Wait for Network to be Configured...
[[0;32m  OK  [0m] Started Network Name Resolution.
[[0;32m  OK  [0m] Reached target Network.
[[0;32m  OK  [0m] Reached target Host and Network Name Lookups.
[[0;32m  OK  [0m] Started Wait for Network to be Configured.
         Starting Initial cloud-init job (metadata service crawler)...
[    8.588937] cloud-init[639]: Cloud-init v. 19.4-33-gbb4131a2-0ubuntu1~18.04.1 running 'init' at Tue, 23 Jun 2020 10:50:20 +0000. Up 8.48 seconds.
[    8.590804] cloud-init[639]: ci-info: ++++++++++++++++++++++++++++++++++++++Net device info++++++++++++++++++++++++++++++++++++++
[    8.591619] cloud-init[639]: ci-info: +--------+-------+---------------------------+---------------+--------+-------------------+
[    8.592544] cloud-init[639]: ci-info: | Device |   Up  |          Address          |      Mask     | Scope  |     Hw-Address    |
[    8.594983] cloud-init[639]: ci-info: +--------+-------+---------------------------+---------------+--------+-------------------+
[    8.596478] cloud-init[639]: ci-info: | enp0s3 |  True |         10.0.2.15         | 255.255.255.0 | global | 02:08:97:ad:f6:aa |
[    8.598031] cloud-init[639]: ci-info: | enp0s3 |  True | fe80::8:97ff:fead:f6aa/64 |       .       |  link  | 02:08:97:ad:f6:aa |
[    8.600801] cloud-init[639]: ci-info: | enp0s8 | False |             .             |       .       |   .    | 08:00:27:2a:2e:5a |
[    8.602962] cloud-init[639]: ci-info: |   lo   |  True |         127.0.0.1         |   255.0.0.0   |  host  |         .         |
[    8.605492] cloud-init[639]: ci-info: |   lo   |  True |          ::1/128          |       .       |  host  |         .         |
[    8.608181] cloud-init[639]: ci-info: +--------+-------+---------------------------+---------------+--------+-------------------+
[    8.610128] cloud-init[639]: ci-info: ++++++++++++++++++++++++++++Route IPv4 info+++++++++++++++++++++++++++++
[    8.612284] cloud-init[639]: ci-info: +-------+-------------+----------+-----------------+-----------+-------+
[    8.633600] cloud-init[639]: ci-info: | Route | Destination | Gateway  |     Genmask     | Interface | Flags |
[    8.634472] cloud-init[639]: ci-info: +-------+-------------+----------+-----------------+-----------+-------+
[    8.635142] cloud-init[639]: ci-info: |   0   |   0.0.0.0   | 10.0.2.2 |     0.0.0.0     |   enp0s3  |   UG  |
[    8.635923] cloud-init[639]: ci-info: |   1   |   10.0.2.0  | 0.0.0.0  |  255.255.255.0  |   enp0s3  |   U   |
[    8.636777] cloud-init[639]: ci-info: |   2   |   10.0.2.2  | 0.0.0.0  | 255.255.255.255 |   enp0s3  |   UH  |
[    8.637801] cloud-init[639]: ci-info: +-------+-------------+----------+-----------------+-----------+-------+
[    8.638913] cloud-init[639]: ci-info: +++++++++++++++++++Route IPv6 info+++++++++++++++++++
[    8.639804] cloud-init[639]: ci-info: +-------+-------------+---------+-----------+-------+
[    8.640767] cloud-init[639]: ci-info: | Route | Destination | Gateway | Interface | Flags |
[    8.642707] cloud-init[639]: ci-info: +-------+-------------+---------+-----------+-------+
[    8.644079] cloud-init[639]: ci-info: |   1   |  fe80::/64  |    ::   |   enp0s3  |   U   |
[    8.648475] cloud-init[639]: ci-info: |   3   |    local    |    ::   |   enp0s3  |   U   |
[    8.650205] cloud-init[639]: ci-info: |   4   |   ff00::/8  |    ::   |   enp0s3  |   U   |
[    8.652624] cloud-init[639]: ci-info: +-------+-------------+---------+-----------+-------+
[    9.066462] cloud-init[639]: Generating public/private rsa key pair.
[    9.067381] cloud-init[639]: Your identification has been saved in /etc/ssh/ssh_host_rsa_key.
[    9.068433] cloud-init[639]: Your public key has been saved in /etc/ssh/ssh_host_rsa_key.pub.
[    9.069393] cloud-init[639]: The key fingerprint is:
[    9.071784] cloud-init[639]: SHA256:eEYseKSfME4jrKTRmUypA5eljwam0DYK1oHmejNTmV4 root@ubuntu-bionic
[    9.072543] cloud-init[639]: The key's randomart image is:
[    9.076160] cloud-init[639]: +---[RSA 2048]----+
[    9.076614] cloud-init[639]: |  o=. .          |
[    9.077071] cloud-init[639]: |.O=+.+ .         |
[    9.077551] cloud-init[639]: |O*%.Boo o        |
[    9.078107] cloud-init[639]: |@B B+*E=         |
[    9.078580] cloud-init[639]: |*.ooo.+ S        |
[    9.080107] cloud-init[639]: |..= .  o         |
[    9.080530] cloud-init[639]: | . +             |
[    9.080968] cloud-init[639]: |                 |
[    9.084166] cloud-init[639]: |                 |
[    9.084545] cloud-init[639]: +----[SHA256]-----+
[    9.084896] cloud-init[639]: Generating public/private dsa key pair.
[    9.085509] cloud-init[639]: Your identification has been saved in /etc/ssh/ssh_host_dsa_key.
[    9.086127] cloud-init[639]: Your public key has been saved in /etc/ssh/ssh_host_dsa_key.pub.
[    9.086828] cloud-init[639]: The key fingerprint is:
[    9.087327] cloud-init[639]: SHA256:eswaA4NXjmz6fa4bCJ6U79zwro38kcpXQYQ/3N98AT0 root@ubuntu-bionic
[    9.112021] cloud-init[639]: The key's randomart image is:
[    9.112528] cloud-init[639]: +---[DSA 1024]----+
[    9.113000] cloud-init[639]: |       o.     .  |
[    9.113805] cloud-init[639]: |      . .    . E |
[    9.114228] cloud-init[639]: |      .+ .    . .|
[    9.114672] cloud-init[639]: |   + +  = .    . |
[    9.115149] cloud-init[639]: |  = B . So . o  .|
[    9.120194] cloud-init[639]: | o B + =.   . o .|
[    9.120538] cloud-init[639]: |  + + B.+      . |
[    9.121097] cloud-init[639]: |   * O.B.        |
[    9.121688] cloud-init[639]: |    X=@=.        |
[    9.122179] cloud-init[639]: +----[SHA256]-----+
[    9.122659] cloud-init[639]: Generating public/private ecdsa key pair.
[    9.123254] cloud-init[639]: Your identification has been saved in /etc/ssh/ssh_host_ecdsa_key.
[[0;32m  OK  [0m] Started Initial cloud-init job (metadata service crawler).
[[0;32m  OK  [0m] Reached target Network is Online.
[    9.126147]          Starting Availability of block devices...
[[0;32m  OK  [0m] Reached target Remote File Systems (Pre).
[cloud-init[639]: Your public key has been saved in /etc/ssh/ssh_host_ecdsa_key.pub.
[    9.128772] cloud-init[639]: The key fingerprint is:
[    9.129264] cloud-init[639]: SHA256:m5uFPvdcjM5cUZPJKrt1HxFWpLiYwRusLv65OsFYS4c root@ubuntu-bionic
[    9.129903] cloud-init[639]: The key's randomart image is:
[    9.130421] cloud-init[639]: +---[ECDSA 256]---+
[    9.130690] cloud-init[639]: |               .o|
[    9.131155] cloud-init[639]: |         o   ...+|
[    9.131600] cloud-init[639]: |       .  = . .B.|
[0;32m  OK  [0m] Reached target Remote File Systems.
[[0;32m  OK  [0m] Reached target Cloud-config availability.
[[0;32m  OK  [0m] Reached target System Initialization.
[[0;32m  OK  [0m] Listening on ACPID Listen Socket.
[[0;32m  OK  [0m] Listening on D-Bus System Message Bus Socket.
         Starting LXD - unix socket.
[[0;32m  OK  [0m] Started Daily Cleanup of Temporary Directories.
         Starting Socket activation for snappy daemon.
[[0;32m  OK  [0m] Listening on UUID daemon activation socket.
[[0;32m  OK  [0m] Started Message of the Day.
[[0;32m  OK  [0m] Started Daily apt download activities.
[[0;32m  OK  [0m] Started Daily apt upgrade and clean activities.
[    9.148252] cloud-init[639]: |      E .. * .o.o|
[    9.148660] cloud-init[639]: |     = oS +..... |
[[0;32m  OK  [0m] Started ACPI Events Check.
[[0;32m  OK  [0m] Reached target Paths.
[[0;32m  OK  [0m] Started Discard unused blocks once a week.
[[0;32m  OK  [0m] Reached target Timers.
[[0;32m  OK  [0m] Listening on Open-iSCSI iscsid Socket.
[[0;32m  OK  [0m] Listening on LXD - unix socket.
[[0;32m  OK  [0m] Listening on Socket activation for snappy daemon.
[[0;32m  OK  [0m] Reached target Sockets.
[[0;32m  OK  [0m] Reached target Basic System.
[    9.150535] cloud-init         Starting Dispatcher daemon for systemd-networkd...
[639]: |    . +. +  oo ..|
[    9.168748] cloud-init[639]: |      ..= ....+o |
         Starting Pollinate to seed the pseudo random number generator...
[    9.170149] cloud-init[639]: |     ..o.=.=oo. o|
[    9.170597] cloud-init[639]: |      o+B+ o*   .|
[    9.171862] cloud-init[[0;32m  OK  [0m] Started FUSE filesystem for LXC.
[639]: +----[SHA256]-----+
[    9.173934] cloud-init[639]: Generating public/private ed25519 key pair.
[    9.177600] cloud-init[639]: Your identification has been saved in /etc/ssh/ssh_host_ed25519_key.
         Starting Login Service...
         Starting Virtualbox guest utils...
[[0;32m  OK  [0m] Started Regular background program processing daemon.
[    9.185018] cloud-init[639]: Your public key has been saved in /etc/ssh/ssh_host_ed25519_key.pub.
[[0;32m  OK  [0m] Started Deferred execution scheduler.
[[0;32m  OK  [0m] Started D-Bus System Message Bus.
[    9.210400] cloud-init[639]: The key fingerprint is:
[    9.211081] cloud-init[639]: SHA256:2FNqO4N5jQfjgkQD8M2QjZfPNR9L78LJegxHsi6RFG0 root@ubuntu-bionic
[    9.213876] cloud-init[639]: The key's randomart image is:
[    9.214244] cloud-init[639]: +--[ED25519 256]--+
[    9.214585] cloud-init[639]: |..o+ . .         |
[    9.218119] cloud-init[639]: | .o=+ . E o      |
[    9.220133] cloud-init[639]: |  ..=o + +.+     |
[    9.220874] cloud-init[639]: |   . .+o.o+ .    |
[    9.223191] cloud-init[639]: |    ....S* o     |
[    9.224403] cloud-init[639]: |   . .o=oB* .    |
[    9.225640] cloud-init[639]: |    . +oB=o.     |
[    9.229044] cloud-init[639]: |      .oo+o      |
[    9.232648] cloud-init[639]: |       . .       |
[    9.236151] cloud-init[639]: +----[SHA256]-----+
         Starting Snappy daemon...
         Starting Accounts Service...
         Starting Permit User Sessions...
         Starting LSB: automatic crash report generation...
         Starting LSB: Record successful boot for GRUB...
         Starting System Logging Service...
[[0;32m  OK  [0m] Started irqbalance daemon.
         Starting LXD - container startup/shutdown...
[[0;32m  OK  [0m] Started Availability of block devices.
[[0;32m  OK  [0m] Started Permit User Sessions.
[[0;32m  OK  [0m] Started Login Service.
[[0;32m  OK  [0m] Started Unattended Upgrades Shutdown.
         Starting Terminate Plymouth Boot Screen...
         Starting Hold until boot process finishes up...
[[0;32m  OK  [0m] Started Hold until boot process finishes up.
         Starting Set console scheme...
[[0;32m  OK  [0m] Started Serial Getty on ttyS0.
[[0;32m  OK  [0m] Started Terminate Plymouth Boot Screen.
         Starting Authorization Manager...
[[0;32m  OK  [0m] Started Set console scheme.
[[0;32m  OK  [0m] Created slice system-getty.slice.
[[0;32m  OK  [0m] Started Getty on tty1.
[[0;32m  OK  [0m] Reached target Login Prompts.
[[0;32m  OK  [0m] Started Authorization Manager.
[[0;32m  OK  [0m] Started Accounts Service.
[[0;32m  OK  [0m] Started LXD - container startup/shutdown.
[[0;32m  OK  [0m] Started LSB: automatic crash report generation.
[[0;32m  OK  [0m] Started LSB: Record successful boot for GRUB.
[[0;32m  OK  [0m] Started Virtualbox guest utils.
[[0;32m  OK  [0m] Started System Logging Service.
[[0;32m  OK  [0m] Started Dispatcher daemon for systemd-networkd.
[[0;32m  OK  [0m] Started Snappy daemon.
         Starting Wait until snapd is fully seeded...
[[0;32m  OK  [0m] Started Pollinate to seed the pseudo random number generator.
         Starting OpenBSD Secure Shell server...
[[0;32m  OK  [0m] Started OpenBSD Secure Shell server.
[[0;32m  OK  [0m] Created slice User Slice of vagrant.
         Starting User Manager for UID 1000...
[[0;32m  OK  [0m] Started Session 1 of user vagrant.
[[0;32m  OK  [0m] Started User Manager for UID 1000.

Ubuntu 18.04.4 LTS ubuntu-bionic ttyS0

ubuntu-bionic login: [   16.265205] cloud-init[1488]: Cloud-init v. 19.4-33-gbb4131a2-0ubuntu1~18.04.1 running 'modules:config' at Tue, 23 Jun 2020 10:50:27 +0000. Up 15.93 seconds.
ci-info: no authorized SSH keys fingerprints found for user ubuntu.
<14>Jun 23 10:50:28 ec2: 
<14>Jun 23 10:50:28 ec2: #############################################################
<14>Jun 23 10:50:28 ec2: -----BEGIN SSH HOST KEY FINGERPRINTS-----
<14>Jun 23 10:50:28 ec2: 1024 SHA256:eswaA4NXjmz6fa4bCJ6U79zwro38kcpXQYQ/3N98AT0 root@ubuntu-bionic (DSA)
<14>Jun 23 10:50:28 ec2: 256 SHA256:m5uFPvdcjM5cUZPJKrt1HxFWpLiYwRusLv65OsFYS4c root@ubuntu-bionic (ECDSA)
<14>Jun 23 10:50:28 ec2: 256 SHA256:2FNqO4N5jQfjgkQD8M2QjZfPNR9L78LJegxHsi6RFG0 root@ubuntu-bionic (ED25519)
<14>Jun 23 10:50:28 ec2: 2048 SHA256:eEYseKSfME4jrKTRmUypA5eljwam0DYK1oHmejNTmV4 root@ubuntu-bionic (RSA)
<14>Jun 23 10:50:28 ec2: -----END SSH HOST KEY FINGERPRINTS-----
<14>Jun 23 10:50:28 ec2: #############################################################
-----BEGIN SSH HOST KEY KEYS-----
ecdsa-sha2-nistp256 AAAAE2VjZHNhLXNoYTItbmlzdHAyNTYAAAAIbmlzdHAyNTYAAABBBCwMI/DMTbsOGFbUp68FlnjMDay28LBxB4OefztJK2KL0D7raHfeKIz8KctssqApWzCely5nYhNXkz0oEYs51LE= root@ubuntu-bionic
ssh-ed25519 AAAAC3NzaC1lZDI1NTE5AAAAID5VyzZViY31LQdqePAX6NMfObr0HruQT3DV6qGQBSWZ root@ubuntu-bionic
ssh-rsa AAAAB3NzaC1yc2EAAAADAQABAAABAQDXrylBAw3BIUE0Le9S+PZOWqQbMpLs4gYX3cI0ta6vJ8m8zaiIgqQnry/yzQmiroXPSQLBt7DJJTvE1RhC2EsDz27Pq55QICeYcWYiRsXwv77yihd0GsOmFJlFAs4eUyrOWZvXrbsxrzWhb6AzIVgJam9/ISmT5jhQWsVoBWpeUYSmpu3bOubtoL6M1DzuqWmEuKGv0QkZAlQWV+kx4VDlrYUZ0G1U9ir1fTlBoWykMAmWWNcNIHOrqsazRVIJfOQO4l9XkzE5bIIBKl5l5nPMWJaJWdDyJWy/zYL1b0eaFdDXo/CdqSYp7UHQ2KR5GSbXy23sNd3hgDc+2upFGcz7 root@ubuntu-bionic
-----END SSH HOST KEY KEYS-----
[   16.843603] cloud-init[1588]: Cloud-init v. 19.4-33-gbb4131a2-0ubuntu1~18.04.1 running 'modules:final' at Tue, 23 Jun 2020 10:50:28 +0000. Up 16.69 seconds.
[   16.844743] cloud-init[1588]: ci-info: no authorized SSH keys fingerprints found for user ubuntu.
[   16.845360] cloud-init[1588]: Cloud-init v. 19.4-33-gbb4131a2-0ubuntu1~18.04.1 finished at Tue, 23 Jun 2020 10:50:28 +0000. Datasource DataSourceNoCloud [seed=/dev/sdb][dsmode=net].  Up 16.83 seconds
