[    0.000000] Linux version 4.15.0-106-generic (buildd@lcy01-amd64-016) (gcc version 7.5.0 (Ubuntu 7.5.0-3ubuntu1~18.04)) #107-Ubuntu SMP Thu Jun 4 11:27:52 UTC 2020 (Ubuntu 4.15.0-106.107-generic 4.15.18)
[    0.000000] Command line: BOOT_IMAGE=/boot/vmlinuz-4.15.0-106-generic root=LABEL=cloudimg-rootfs ro console=tty1 console=ttyS0
[    0.000000] KERNEL supported cpus:
[    0.000000]   Intel GenuineIntel
[    0.000000]   AMD AuthenticAMD
[    0.000000]   Centaur CentaurHauls
[    0.000000] x86/fpu: Supporting XSAVE feature 0x001: 'x87 floating point registers'
[    0.000000] x86/fpu: Supporting XSAVE feature 0x002: 'SSE registers'
[    0.000000] x86/fpu: Supporting XSAVE feature 0x004: 'AVX registers'
[    0.000000] x86/fpu: xstate_offset[2]:  576, xstate_sizes[2]:  256
[    0.000000] x86/fpu: Enabled xstate features 0x7, context size is 832 bytes, using 'standard' format.
[    0.000000] e820: BIOS-provided physical RAM map:
[    0.000000] BIOS-e820: [mem 0x0000000000000000-0x000000000009fbff] usable
[    0.000000] BIOS-e820: [mem 0x000000000009fc00-0x000000000009ffff] reserved
[    0.000000] BIOS-e820: [mem 0x00000000000f0000-0x00000000000fffff] reserved
[    0.000000] BIOS-e820: [mem 0x0000000000100000-0x000000003ffeffff] usable
[    0.000000] BIOS-e820: [mem 0x000000003fff0000-0x000000003fffffff] ACPI data
[    0.000000] BIOS-e820: [mem 0x00000000fec00000-0x00000000fec00fff] reserved
[    0.000000] BIOS-e820: [mem 0x00000000fee00000-0x00000000fee00fff] reserved
[    0.000000] BIOS-e820: [mem 0x00000000fffc0000-0x00000000ffffffff] reserved
[    0.000000] NX (Execute Disable) protection: active
[    0.000000] SMBIOS 2.5 present.
[    0.000000] DMI: innotek GmbH VirtualBox/VirtualBox, BIOS VirtualBox 12/01/2006
[    0.000000] Hypervisor detected: KVM
[    0.000000] e820: last_pfn = 0x3fff0 max_arch_pfn = 0x400000000
[    0.000000] MTRR: Disabled
[    0.000000] x86/PAT: MTRRs disabled, skipping PAT initialization too.
[    0.000000] CPU MTRRs all blank - virtualized system.
[    0.000000] x86/PAT: Configuration [0-7]: WB  WT  UC- UC  WB  WT  UC- UC  
[    0.000000] found SMP MP-table at [mem 0x0009fff0-0x0009ffff]
[    0.000000] Scanning 1 areas for low memory corruption
[    0.000000] RAMDISK: [mem 0x35a6b000-0x36d2cfff]
[    0.000000] ACPI: Early table checksum verification disabled
[    0.000000] ACPI: RSDP 0x00000000000E0000 000024 (v02 VBOX  )
[    0.000000] ACPI: XSDT 0x000000003FFF0030 00003C (v01 VBOX   VBOXXSDT 00000001 ASL  00000061)
[    0.000000] ACPI: FACP 0x000000003FFF00F0 0000F4 (v04 VBOX   VBOXFACP 00000001 ASL  00000061)
[    0.000000] ACPI: DSDT 0x000000003FFF0470 002325 (v02 VBOX   VBOXBIOS 00000002 INTL 20190509)
[    0.000000] ACPI: FACS 0x000000003FFF0200 000040
[    0.000000] ACPI: FACS 0x000000003FFF0200 000040
[    0.000000] ACPI: APIC 0x000000003FFF0240 000054 (v02 VBOX   VBOXAPIC 00000001 ASL  00000061)
[    0.000000] ACPI: SSDT 0x000000003FFF02A0 0001CC (v01 VBOX   VBOXCPUT 00000002 INTL 20190509)
[    0.000000] No NUMA configuration found
[    0.000000] Faking a node at [mem 0x0000000000000000-0x000000003ffeffff]
[    0.000000] NODE_DATA(0) allocated [mem 0x3ffc5000-0x3ffeffff]
[    0.000000] kvm-clock: cpu 0, msr 0:3ff44001, primary cpu clock
[    0.000000] kvm-clock: Using msrs 4b564d01 and 4b564d00
[    0.000000] kvm-clock: using sched offset of 3066632225 cycles
[    0.000000] clocksource: kvm-clock: mask: 0xffffffffffffffff max_cycles: 0x1cd42e4dffb, max_idle_ns: 881590591483 ns
[    0.000000] Zone ranges:
[    0.000000]   DMA      [mem 0x0000000000001000-0x0000000000ffffff]
[    0.000000]   DMA32    [mem 0x0000000001000000-0x000000003ffeffff]
[    0.000000]   Normal   empty
[    0.000000]   Device   empty
[    0.000000] Movable zone start for each node
[    0.000000] Early memory node ranges
[    0.000000]   node   0: [mem 0x0000000000001000-0x000000000009efff]
[    0.000000]   node   0: [mem 0x0000000000100000-0x000000003ffeffff]
[    0.000000] Reserved but unavailable: 98 pages
[    0.000000] Initmem setup node 0 [mem 0x0000000000001000-0x000000003ffeffff]
[    0.000000] ACPI: PM-Timer IO Port: 0x4008
[    0.000000] IOAPIC[0]: apic_id 1, version 32, address 0xfec00000, GSI 0-23
[    0.000000] ACPI: INT_SRC_OVR (bus 0 bus_irq 0 global_irq 2 dfl dfl)
[    0.000000] ACPI: INT_SRC_OVR (bus 0 bus_irq 9 global_irq 9 low level)
[    0.000000] Using ACPI (MADT) for SMP configuration information
[    0.000000] smpboot: Allowing 1 CPUs, 0 hotplug CPUs
[    0.000000] PM: Registered nosave memory: [mem 0x00000000-0x00000fff]
[    0.000000] PM: Registered nosave memory: [mem 0x0009f000-0x0009ffff]
[    0.000000] PM: Registered nosave memory: [mem 0x000a0000-0x000effff]
[    0.000000] PM: Registered nosave memory: [mem 0x000f0000-0x000fffff]
[    0.000000] e820: [mem 0x40000000-0xfebfffff] available for PCI devices
[    0.000000] Booting paravirtualized kernel on KVM
[    0.000000] clocksource: refined-jiffies: mask: 0xffffffff max_cycles: 0xffffffff, max_idle_ns: 7645519600211568 ns
[    0.000000] random: get_random_bytes called from start_kernel+0x99/0x4fd with crng_init=0
[    0.000000] setup_percpu: NR_CPUS:8192 nr_cpumask_bits:1 nr_cpu_ids:1 nr_node_ids:1
[    0.000000] percpu: Embedded 45 pages/cpu s147456 r8192 d28672 u2097152
[    0.000000] PV qspinlock hash table entries: 256 (order: 0, 4096 bytes)
[    0.000000] Built 1 zonelists, mobility grouping on.  Total pages: 257913
[    0.000000] Policy zone: DMA32
[    0.000000] Kernel command line: BOOT_IMAGE=/boot/vmlinuz-4.15.0-106-generic root=LABEL=cloudimg-rootfs ro console=tty1 console=ttyS0
[    0.000000] Memory: 983224K/1048120K available (12300K kernel code, 2481K rwdata, 4272K rodata, 2436K init, 2720K bss, 64896K reserved, 0K cma-reserved)
[    0.000000] SLUB: HWalign=64, Order=0-3, MinObjects=0, CPUs=1, Nodes=1
[    0.000000] Kernel/User page tables isolation: enabled
[    0.000000] ftrace: allocating 39378 entries in 154 pages
[    0.004000] Hierarchical RCU implementation.
[    0.004000] 	RCU restricting CPUs from NR_CPUS=8192 to nr_cpu_ids=1.
[    0.004000] 	Tasks RCU enabled.
[    0.004000] RCU: Adjusting geometry for rcu_fanout_leaf=16, nr_cpu_ids=1
[    0.004000] NR_IRQS: 524544, nr_irqs: 256, preallocated irqs: 16
[    0.004000] Console: colour VGA+ 80x25
[    0.004000] console [tty1] enabled
[    0.004000] console [ttyS0] enabled
[    0.004000] ACPI: Core revision 20170831
[    0.004000] ACPI: 2 ACPI AML tables successfully acquired and loaded
[    0.004000] APIC: Switch to symmetric I/O mode setup
[    0.004000] x2apic enabled
[    0.004000] Switched APIC routing to physical x2apic.
[    0.004000] ..TIMER: vector=0x30 apic1=0 pin1=2 apic2=-1 pin2=-1
[    0.004000] tsc: Detected 4008.012 MHz processor
[    0.004000] Calibrating delay loop (skipped) preset value.. 8016.02 BogoMIPS (lpj=16032048)
[    0.004003] pid_max: default: 32768 minimum: 301
[    0.004521] Security Framework initialized
[    0.004987] Yama: becoming mindful.
[    0.005393] AppArmor: AppArmor initialized
[    0.006275] Dentry cache hash table entries: 131072 (order: 8, 1048576 bytes)
[    0.007095] Inode-cache hash table entries: 65536 (order: 7, 524288 bytes)
[    0.008007] Mount-cache hash table entries: 2048 (order: 2, 16384 bytes)
[    0.008727] Mountpoint-cache hash table entries: 2048 (order: 2, 16384 bytes)
[    0.009883] process: using mwait in idle threads
[    0.010408] Last level iTLB entries: 4KB 64, 2MB 8, 4MB 8
[    0.011004] Last level dTLB entries: 4KB 64, 2MB 0, 4MB 0, 1GB 4
[    0.012003] Spectre V1 : Mitigation: usercopy/swapgs barriers and __user pointer sanitization
[    0.012924] Spectre V2 : Mitigation: Full generic retpoline
[    0.013539] Spectre V2 : Spectre v2 / SpectreRSB mitigation: Filling RSB on context switch
[    0.014423] Speculative Store Bypass: Vulnerable
[    0.014965] SRBDS: Unknown: Dependent on hypervisor status
[    0.015557] MDS: Mitigation: Clear CPU buffers
[    0.026665] Freeing SMP alternatives memory: 36K
[    0.136797] smpboot: CPU0: Intel(R) Core(TM) i7-6700K CPU @ 4.00GHz (family: 0x6, model: 0x5e, stepping: 0x3)
[    0.137946] Performance Events: unsupported p6 CPU model 94 no PMU driver, software events only.
[    0.138911] Hierarchical SRCU implementation.
[    0.139836] NMI watchdog: Perf event create on CPU 0 failed with -2
[    0.140000] NMI watchdog: Perf NMI watchdog permanently disabled
[    0.140028] smp: Bringing up secondary CPUs ...
[    0.140548] smp: Brought up 1 node, 1 CPU
[    0.141012] smpboot: Max logical packages: 1
[    0.141482] smpboot: Total of 1 processors activated (8016.02 BogoMIPS)
[    0.142261] devtmpfs: initialized
[    0.142718] x86/mm: Memory block size: 128MB
[    0.143277] evm: security.selinux
[    0.143660] evm: security.SMACK64
[    0.144003] evm: security.SMACK64EXEC
[    0.144415] evm: security.SMACK64TRANSMUTE
[    0.144876] evm: security.SMACK64MMAP
[    0.145284] evm: security.apparmor
[    0.145676] evm: security.ima
[    0.146023] evm: security.capability
[    0.146509] clocksource: jiffies: mask: 0xffffffff max_cycles: 0xffffffff, max_idle_ns: 7645041785100000 ns
[    0.147530] futex hash table entries: 256 (order: 2, 16384 bytes)
[    0.148030] pinctrl core: initialized pinctrl subsystem
[    0.148693] RTC time: 13:01:19, date: 06/24/20
[    0.149264] NET: Registered protocol family 16
[    0.149802] audit: initializing netlink subsys (disabled)
[    0.150556] cpuidle: using governor ladder
[    0.151044] cpuidle: using governor menu
[    0.151512] ACPI: bus type PCI registered
[    0.152007] acpiphp: ACPI Hot Plug PCI Controller Driver version: 0.5
[    0.152690] audit: type=2000 audit(1593003684.322:1): state=initialized audit_enabled=0 res=1
[    0.153677] PCI: Using configuration type 1 for base access
[    0.154988] HugeTLB registered 2.00 MiB page size, pre-allocated 0 pages
[    0.156097] ACPI: Added _OSI(Module Device)
[    0.156566] ACPI: Added _OSI(Processor Device)
[    0.157049] ACPI: Added _OSI(3.0 _SCP Extensions)
[    0.157566] ACPI: Added _OSI(Processor Aggregator Device)
[    0.158143] ACPI: Added _OSI(Linux-Dell-Video)
[    0.158631] ACPI: Added _OSI(Linux-Lenovo-NV-HDMI-Audio)
[    0.159197] ACPI: Added _OSI(Linux-HPI-Hybrid-Graphics)
[    0.160191] ACPI: Executed 1 blocks of module-level executable AML code
[    0.163074] ACPI: Interpreter enabled
[    0.163498] ACPI: (supports S0 S5)
[    0.164011] ACPI: Using IOAPIC for interrupt routing
[    0.164698] PCI: Using host bridge windows from ACPI; if necessary, use "pci=nocrs" and report a bug
[    0.165785] ACPI: Enabled 2 GPEs in block 00 to 07
[    0.170558] ACPI: PCI Root Bridge [PCI0] (domain 0000 [bus 00-ff])
[    0.171220] acpi PNP0A03:00: _OSC: OS supports [ASPM ClockPM Segments MSI]
[    0.172000] acpi PNP0A03:00: _OSC: not requesting OS control; OS requires [ExtendedConfig ASPM ClockPM MSI]
[    0.172008] acpi PNP0A03:00: fail to add MMCONFIG information, can't access extended PCI configuration space under this bridge.
[    0.173449] PCI host bridge to bus 0000:00
[    0.173911] pci_bus 0000:00: root bus resource [io  0x0000-0x0cf7 window]
[    0.174620] pci_bus 0000:00: root bus resource [io  0x0d00-0xffff window]
[    0.176002] pci_bus 0000:00: root bus resource [mem 0x000a0000-0x000bffff window]
[    0.176834] pci_bus 0000:00: root bus resource [mem 0x40000000-0xfdffffff window]
[    0.177642] pci_bus 0000:00: root bus resource [bus 00-ff]
[    0.179469] pci 0000:00:01.1: legacy IDE quirk: reg 0x10: [io  0x01f0-0x01f7]
[    0.180002] pci 0000:00:01.1: legacy IDE quirk: reg 0x14: [io  0x03f6]
[    0.180679] pci 0000:00:01.1: legacy IDE quirk: reg 0x18: [io  0x0170-0x0177]
[    0.182329] pci 0000:00:01.1: legacy IDE quirk: reg 0x1c: [io  0x0376]
[    0.190876] pci 0000:00:07.0: quirk: [io  0x4000-0x403f] claimed by PIIX4 ACPI
[    0.191700] pci 0000:00:07.0: quirk: [io  0x4100-0x410f] claimed by PIIX4 SMB
[    0.197042] ACPI: PCI Interrupt Link [LNKA] (IRQs 5 9 10 *11)
[    0.197914] ACPI: PCI Interrupt Link [LNKB] (IRQs 5 9 *10 11)
[    0.198607] ACPI: PCI Interrupt Link [LNKC] (IRQs 5 *9 10 11)
[    0.199332] ACPI: PCI Interrupt Link [LNKD] (IRQs 5 9 10 *11)
[    0.200246] SCSI subsystem initialized
[    0.200736] pci 0000:00:02.0: vgaarb: setting as boot VGA device
[    0.202043] pci 0000:00:02.0: vgaarb: VGA device added: decodes=io+mem,owns=io+mem,locks=none
[    0.202982] pci 0000:00:02.0: vgaarb: bridge control possible
[    0.203608] vgaarb: loaded
[    0.203963] ACPI: bus type USB registered
[    0.204017] usbcore: registered new interface driver usbfs
[    0.204613] usbcore: registered new interface driver hub
[    0.205205] usbcore: registered new device driver usb
[    0.205795] EDAC MC: Ver: 3.0.0
[    0.206353] PCI: Using ACPI for IRQ routing
[    0.207009] NetLabel: Initializing
[    0.207405] NetLabel:  domain hash size = 128
[    0.208001] NetLabel:  protocols = UNLABELED CIPSOv4 CALIPSO
[    0.208638] NetLabel:  unlabeled traffic allowed by default
[    0.209297] clocksource: Switched to clocksource kvm-clock
[    0.215963] VFS: Disk quotas dquot_6.6.0
[    0.216481] VFS: Dquot-cache hash table entries: 512 (order 0, 4096 bytes)
[    0.217273] AppArmor: AppArmor Filesystem Enabled
[    0.217822] pnp: PnP ACPI init
[    0.218841] pnp: PnP ACPI: found 3 devices
[    0.224448] clocksource: acpi_pm: mask: 0xffffff max_cycles: 0xffffff, max_idle_ns: 2085701024 ns
[    0.225471] NET: Registered protocol family 2
[    0.226061] TCP established hash table entries: 8192 (order: 4, 65536 bytes)
[    0.226824] TCP bind hash table entries: 8192 (order: 5, 131072 bytes)
[    0.227532] TCP: Hash tables configured (established 8192 bind 8192)
[    0.228231] UDP hash table entries: 512 (order: 2, 16384 bytes)
[    0.228856] UDP-Lite hash table entries: 512 (order: 2, 16384 bytes)
[    0.229536] NET: Registered protocol family 1
[    0.230017] pci 0000:00:00.0: Limiting direct PCI/PCI transfers
[    0.230663] pci 0000:00:01.0: Activating ISA DMA hang workarounds
[    0.231377] pci 0000:00:02.0: Video device with shadowed ROM at [mem 0x000c0000-0x000dffff]
[    0.232396] Unpacking initramfs...
[    0.440204] Freeing initrd memory: 19208K
[    0.446027] clocksource: tsc: mask: 0xffffffffffffffff max_cycles: 0x39c5ecb2564, max_idle_ns: 440795244764 ns
[    0.447094] platform rtc_cmos: registered platform RTC device (no PNP device found)
[    0.447959] Scanning for low memory corruption every 60 seconds
[    0.448996] Initialise system trusted keyrings
[    0.449498] Key type blacklist registered
[    0.449969] workingset: timestamp_bits=36 max_order=18 bucket_order=0
[    0.451648] zbud: loaded
[    0.452287] squashfs: version 4.0 (2009/01/31) Phillip Lougher
[    0.453020] fuse init (API version 7.26)
[    0.453956] Key type asymmetric registered
[    0.454420] Asymmetric key parser 'x509' registered
[    0.454963] Block layer SCSI generic (bsg) driver version 0.4 loaded (major 246)
[    0.455796] io scheduler noop registered
[    0.456281] io scheduler deadline registered
[    0.456769] io scheduler cfq registered (default)
[    0.457465] ACPI: AC Adapter [AC] (on-line)
[    0.458030] input: Power Button as /devices/LNXSYSTM:00/LNXPWRBN:00/input/input0
[    0.458866] ACPI: Power Button [PWRF]
[    0.459342] input: Sleep Button as /devices/LNXSYSTM:00/LNXSLPBN:00/input/input1
[    0.460146] ACPI: Sleep Button [SLPF]
[    0.460716] Serial: 8250/16550 driver, 32 ports, IRQ sharing enabled
[    0.481893] 00:02: ttyS0 at I/O 0x3f8 (irq = 4, base_baud = 115200) is a 16550A
[    0.483611] Linux agpgart interface v0.103
[    0.484742] loop: module loaded
[    0.485413] scsi host0: ata_piix
[    0.485831] scsi host1: ata_piix
[    0.486235] ata1: PATA max UDMA/33 cmd 0x1f0 ctl 0x3f6 bmdma 0xd000 irq 14
[    0.486952] ata2: PATA max UDMA/33 cmd 0x170 ctl 0x376 bmdma 0xd008 irq 15
[    0.487872] libphy: Fixed MDIO Bus: probed
[    0.488377] tun: Universal TUN/TAP device driver, 1.6
[    0.488950] PPP generic driver version 2.4.2
[    0.489446] ehci_hcd: USB 2.0 'Enhanced' Host Controller (EHCI) Driver
[    0.490142] ehci-pci: EHCI PCI platform driver
[    0.490665] ehci-platform: EHCI generic platform driver
[    0.491258] ohci_hcd: USB 1.1 'Open' Host Controller (OHCI) Driver
[    0.491908] ohci-pci: OHCI PCI platform driver
[    0.492580] ohci-platform: OHCI generic platform driver
[    0.493147] uhci_hcd: USB Universal Host Controller Interface driver
[    0.493923] i8042: PNP: PS/2 Controller [PNP0303:PS2K,PNP0f03:PS2M] at 0x60,0x64 irq 1,12
[    0.495154] serio: i8042 KBD port at 0x60,0x64 irq 1
[    0.495714] serio: i8042 AUX port at 0x60,0x64 irq 12
[    0.496321] mousedev: PS/2 mouse device common for all mice
[    0.497073] input: AT Translated Set 2 keyboard as /devices/platform/i8042/serio0/input/input2
[    0.498402] rtc_cmos rtc_cmos: rtc core: registered rtc_cmos as rtc0
[    0.499113] rtc_cmos rtc_cmos: alarms up to one day, 114 bytes nvram
[    0.499791] i2c /dev entries driver
[    0.500258] device-mapper: uevent: version 1.0.3
[    0.500802] device-mapper: ioctl: 4.37.0-ioctl (2017-09-20) initialised: dm-devel@redhat.com
[    0.501761] ledtrig-cpu: registered to indicate activity on CPUs
[    0.502520] intel_pmc_core:  initialized
[    0.503124] NET: Registered protocol family 10
[    0.505760] Segment Routing with IPv6
[    0.506218] NET: Registered protocol family 17
[    0.506738] Key type dns_resolver registered
[    0.507282] mce: Using 0 MCE banks
[    0.507676] RAS: Correctable Errors collector initialized.
[    0.508337] sched_clock: Marking stable (508320623, 0)->(602267578, -93946955)
[    0.509215] registered taskstats version 1
[    0.509677] Loading compiled-in X.509 certificates
[    0.511559] Loaded X.509 cert 'Build time autogenerated kernel key: b1772ce3e036cbf6bf2b7e9ed9be0f8806d61091'
[    0.512665] zswap: loaded using pool lzo/zbud
[    0.515036] Key type big_key registered
[    0.515659] Key type trusted registered
[    0.517586] Key type encrypted registered
[    0.518237] AppArmor: AppArmor sha1 policy hashing enabled
[    0.519005] ima: No TPM chip found, activating TPM-bypass! (rc=-19)
[    0.519845] ima: Allocated hash algorithm: sha1
[    0.520622] evm: HMAC attrs: 0x1
[    0.521325]   Magic number: 8:144:29
[    0.521971] rtc_cmos rtc_cmos: setting system clock to 2020-06-24 13:01:19 UTC (1593003679)
[    0.523181] BIOS EDD facility v0.16 2004-Jun-25, 0 devices found
[    0.524038] EDD information not available.
[    0.680105] Freeing unused kernel image memory: 2436K
[    0.688123] Write protecting the kernel read-only data: 20480k
[    0.690577] Freeing unused kernel image memory: 2008K
[    0.692244] Freeing unused kernel image memory: 1872K
[    0.701777] x86/mm: Checked W+X mappings: passed, no W+X pages found.
[    0.702961] x86/mm: Checking user space page tables
[    0.710236] x86/mm: Checked W+X mappings: passed, no W+X pages found.
Loading, please wait...
starting version 237
[    0.802313] e1000: Intel(R) PRO/1000 Network Driver - version 7.3.21-k8-NAPI
[    0.803328] e1000: Copyright (c) 1999-2006 Intel Corporation.
[    0.809239] Fusion MPT base driver 3.04.20
[    0.809900] Copyright (c) 1999-2008 LSI Corporation
[    0.820497] Fusion MPT SPI Host driver 3.04.20
[    0.830703] AVX2 version of gcm_enc/dec engaged.
[    0.831539] AES CTR mode by8 optimization enabled
[    1.019571] input: ImExPS/2 Generic Explorer Mouse as /devices/platform/i8042/serio1/input/input4
[    1.162758] e1000 0000:00:03.0 eth0: (PCI:33MHz:32-bit) 02:08:97:ad:f6:aa
[    1.163749] e1000 0000:00:03.0 eth0: Intel(R) PRO/1000 Network Connection
[    1.165722] mptbase: ioc0: Initiating bringup
[    1.260882] ioc0: LSI53C1030 A0: Capabilities={Initiator}
[    1.505996] scsi host2: ioc0: LSI53C1030 A0, FwRev=00000000h, Ports=1, MaxQ=256, IRQ=20
[    1.672952] scsi 2:0:0:0: Direct-Access     VBOX     HARDDISK         1.0  PQ: 0 ANSI: 5
[    1.680534] scsi target2:0:0: Beginning Domain Validation
[    1.689667] scsi target2:0:0: Domain Validation skipping write tests
[    1.694346] scsi target2:0:0: Ending Domain Validation
[    1.698788] scsi target2:0:0: asynchronous
[    1.701841] random: fast init done
[    1.705294] scsi 2:0:1:0: Direct-Access     VBOX     HARDDISK         1.0  PQ: 0 ANSI: 5
[    1.708365] scsi target2:0:1: Beginning Domain Validation
[    1.711201] scsi target2:0:1: Domain Validation skipping write tests
[    1.712913] scsi target2:0:1: Ending Domain Validation
[    1.714523] scsi target2:0:1: asynchronous
[    1.720011] random: systemd-udevd: uninitialized urandom read (16 bytes read)
[    1.721397] random: systemd-udevd: uninitialized urandom read (16 bytes read)
[    1.722623] random: systemd-udevd: uninitialized urandom read (16 bytes read)
[    1.728100] sd 2:0:0:0: Attached scsi generic sg0 type 0
[    1.729123] sd 2:0:0:0: [sda] 20971520 512-byte logical blocks: (10.7 GB/10.0 GiB)
[    1.730792] sd 2:0:0:0: [sda] Write Protect is off
[    1.739390] sd 2:0:0:0: [sda] Incomplete mode parameter data
[    1.740074] sd 2:0:0:0: [sda] Assuming drive cache: write through
[    1.740931] sd 2:0:1:0: Attached scsi generic sg1 type 0
[    1.741586] sd 2:0:1:0: [sdb] 20480 512-byte logical blocks: (10.5 MB/10.0 MiB)
[    1.742400] sd 2:0:1:0: [sdb] Write Protect is off
[    1.742990] sd 2:0:1:0: [sdb] Incomplete mode parameter data
[    1.743617] sd 2:0:1:0: [sdb] Assuming drive cache: write through
[    1.745171]  sda: sda1
[    1.746516] sd 2:0:0:0: [sda] Attached SCSI disk
[    1.747360] sd 2:0:1:0: [sdb] Attached SCSI disk
[    2.054865] e1000 0000:00:08.0 eth1: (PCI:33MHz:32-bit) 08:00:27:1f:32:24
[    2.055654] e1000 0000:00:08.0 eth1: Intel(R) PRO/1000 Network Connection
[    2.057156] e1000 0000:00:08.0 enp0s8: renamed from eth1
[    2.058976] e1000 0000:00:03.0 enp0s3: renamed from eth0
Begin: Loading essential drivers ... [    3.397096] raid6: sse2x1   gen() 14248 MB/s
[    3.461104] raid6: sse2x1   xor() 10910 MB/s
[    3.524406] raid6: sse2x2   gen() 18092 MB/s
[    3.587740] raid6: sse2x2   xor() 12220 MB/s
[    3.651101] raid6: sse2x4   gen() 20682 MB/s
[    3.717101] raid6: sse2x4   xor() 13584 MB/s
[    3.780430] raid6: avx2x1   gen() 29336 MB/s
[    3.847778] raid6: avx2x1   xor() 21785 MB/s
[    3.911547] raid6: avx2x2   gen() 33178 MB/s
[    3.974848] raid6: avx2x2   xor() 22480 MB/s
[    4.038165] raid6: avx2x4   gen() 41235 MB/s
[    4.101526] raid6: avx2x4   xor() 25069 MB/s
[    4.102065] raid6: using algorithm avx2x4 gen() 41235 MB/s
[    4.102675] raid6: .... xor() 25069 MB/s, rmw enabled
[    4.103243] raid6: using avx2x2 recovery algorithm
[    4.105198] xor: automatically using best checksumming function   avx       
[    4.106991] async_tx: api initialized (async)
done.
Begin: Running /scripts/init-premount ... done.
Begin: Mounting root file system ... Begin: Running /scripts/local-top ... done.
Begin: Running /scripts/local-premount ... [    4.145418] Btrfs loaded, crc32c=crc32c-intel
Scanning for Btrfs filesystems
done.
Warning: fsck not present, so skipping root file system
[    4.168542] EXT4-fs (sda1): mounted filesystem with ordered data mode. Opts: (null)
done.
Begin: Running /scripts/local-bottom ... done.
Begin: Running /scripts/init-bottom ... done.
[    4.293305] ip_tables: (C) 2000-2006 Netfilter Core Team
[    4.301578] systemd[1]: systemd 237 running in system mode. (+PAM +AUDIT +SELINUX +IMA +APPARMOR +SMACK +SYSVINIT +UTMP +LIBCRYPTSETUP +GCRYPT +GNUTLS +ACL +XZ +LZ4 +SECCOMP +BLKID +ELFUTILS +KMOD -IDN2 +IDN -PCRE2 default-hierarchy=hybrid)
[    4.304737] systemd[1]: Detected virtualization oracle.
[    4.305604] systemd[1]: Detected architecture x86-64.

Welcome to [1mUbuntu 18.04.4 LTS[0m!

[    4.309035] systemd[1]: Set hostname to <ubuntu>.
[    4.312569] systemd[1]: Initializing machine ID from random generator.
[    4.313714] systemd[1]: Installed transient /etc/machine-id file.
[    4.509161] systemd[1]: Reached target System Time Synchronized.
[[0;32m  OK  [0m] Reached target System Time Synchronized.
[    4.510762] systemd[1]: Reached target User and Group Name Lookups.
[[0;32m  OK  [0m] Reached target User and Group Name Lookups.
[    4.512383] systemd[1]: Started Forward Password Requests to Wall Directory Watch.
[[0;32m  OK  [0m] Started Forward Password Requests to Wall Directory Watch.
[    4.514864] systemd[1]: Created slice User and Session Slice.
[[0;32m  OK  [0m] Created slice User and Session Slice.
[[0;32m  OK  [0m] Created slice System Slice.
[[0;32m  OK  [0m] Listening on Syslog Socket.
[[0;32m  OK  [0m] Listening on /dev/initctl Compatibility Named Pipe.
[[0;32m  OK  [0m] Listening on Device-mapper event daemon FIFOs.
[[0;32m  OK  [0m] Listening on udev Control Socket.
[[0;32m  OK  [0m] Reached target Slices.
[[0;32m  OK  [0m] Listening on Journal Audit Socket.
[[0;32m  OK  [0m] Listening on udev Kernel Socket.
[[0;32m  OK  [0m] Listening on Journal Socket.
         Starting udev Coldplug all Devices...
         Mounting Kernel Debug File System...
         Mounting POSIX Message Queue File System...
         Starting Load Kernel Modules...
         Mounting Huge Pages File System...
[[0;32m  OK  [0m] Listening on Journal Socket (/dev/log).
         Starting Journal Service...
         Starting Remount Root and Kernel File Systems...
[[0;32m  OK  [0m] Listening on LVM2 metadata daemon socket.
         Starting Monitoring of LVM2 mirrors…ng dmeventd or progress polling...
[[0;32m  OK  [0m] Reached target Swap.
         Starting Create list of required st…ce nodes for the current kernel...
[[0;32m  OK  [0m] Listening on Network Service Netlink Socket.
         Starting Uncomplicated firewall...
[[0;32m  OK  [0m] Set up automount Arbitrary Executab…rmats File System Automount Point.
[[0;32m  OK  [0m] Listening on LVM2 poll daemon socket.
         Starting Set the console keyboard layout...
[[0;32m  OK  [0m] Created slice system-serial\x2dgetty.slice.
[[0;32m  OK  [0m] Mounted Kernel Debug File System.
[[0;32m  OK  [0m] Mounted POSIX Message Queue File System.
[[0;32m  OK  [0m] Mounted Huge Pages File System.
[[0;32m  OK  [0m] Started Create list of required sta…vice nodes for the current kernel.
[[0;32m  OK  [0m] Started LVM2 metadata daemon.
         Starting Create Static Device Nodes in /dev...
[[0;32m  OK  [0m] Started udev Coldplug all Devices.
[[0;32m  OK  [0m] Started Uncomplicated firewall.
[    4.635600] Loading iSCSI transport class v2.0-870.
[    4.639922] iscsi: registered transport (tcp)
[[0;32m  OK  [0m] Started Journal Service.
[    4.662075] EXT4-fs (sda1): re-mounted. Opts: (null)
[[0;32m  OK  [0m] Started Remount Root and Kernel File Systems.
         Starting Load/Save Random Seed...
[    4.689664] iscsi: registered transport (iser)
         Starting Flush Journal to Persistent Storage...
[[0;32m  OK  [0m] Started Load Kernel Modules.
         Mounting FUSE Control File System...
         Starting Apply Kernel Variables...
         Mounting Kernel Configuration File System...
[[0;32m  OK  [0m] Started Load/Save Random Seed.
[[0;32m  OK  [0m] Mounted FUSE Control File System.
[[0;32m  OK  [0m] Mounted Kernel Configuration File System.
[[0;32m  OK  [0m] Started Monitoring of LVM2 mirrors,…sing dmeventd or progress polling.
[    4.739965] systemd-journald[394]: Received request to flush runtime journal from PID 1
[[0;32m  OK  [0m] Started Apply Kernel Variables.
[[0;32m  OK  [0m] Started Set the console keyboard layout.
[[0;32m  OK  [0m] Started Create Static Device Nodes in /dev.
         Starting udev Kernel Device Manager...
[[0;32m  OK  [0m] Reached target Local File Systems (Pre).
[[0;32m  OK  [0m] Reached target Local File Systems.
         Starting AppArmor initialization...
         Starting Commit a transient machine-id on disk...
         Starting Set console font and keymap...
         Starting Tell Plymouth To Write Out Runtime Data...
         Starting ebtables ruleset management...
[[0;32m  OK  [0m] Started Flush Journal to Persistent Storage.
         Starting Create Volatile Files and Directories...
[[0;32m  OK  [0m] Started Set console font and keymap.
[[0;32m  OK  [0m] Started Tell Plymouth To Write Out Runtime Data.
[[0;32m  OK  [0m] Started udev Kernel Device Manager.
[[0;32m  OK  [0m] Started Dispatch Password Requests to Console Directory Watch.
[[0;32m  OK  [0m] Reached target Local Encrypted Volumes.
[[0;32m  OK  [0m] Started Commit a transient machine-id on disk.
[[0;32m  OK  [0m] Started Create Volatile Files and Directories.
         Starting Update UTMP about System Boot/Shutdown...
[[0;32m  OK  [0m] Started Update UTMP about System Boot/Shutdown.
[[0;32m  OK  [0m] Started ebtables ruleset management.
[[0;32m  OK  [0m] Found device /dev/ttyS0.
[[0;32m  OK  [0m] Listening on Load/Save RF Kill Switch Status /dev/rfkill Watch.
[[0;32m  OK  [0m] Started AppArmor initialization.
         Starting Initial cloud-init job (pre-networking)...
[    6.694989] cloud-init[544]: Cloud-init v. 19.4-33-gbb4131a2-0ubuntu1~18.04.1 running 'init-local' at Wed, 24 Jun 2020 13:01:25 +0000. Up 6.46 seconds.
[[0;32m  OK  [0m] Started Initial cloud-init job (pre-networking).
[[0;32m  OK  [0m] Reached target Network (Pre).
         Starting Network Service...
[[0;32m  OK  [0m] Started Network Service.
         Starting Network Name Resolution...
         Starting Wait for Network to be Configured...
[[0;32m  OK  [0m] Started Network Name Resolution.
[[0;32m  OK  [0m] Reached target Network.
[[0;32m  OK  [0m] Reached target Host and Network Name Lookups.
[[0;32m  OK  [0m] Started Wait for Network to be Configured.
         Starting Initial cloud-init job (metadata service crawler)...
[    8.667137] cloud-init[658]: Cloud-init v. 19.4-33-gbb4131a2-0ubuntu1~18.04.1 running 'init' at Wed, 24 Jun 2020 13:01:27 +0000. Up 8.56 seconds.
[    8.669149] cloud-init[658]: ci-info: ++++++++++++++++++++++++++++++++++++++Net device info++++++++++++++++++++++++++++++++++++++
[    8.670074] cloud-init[658]: ci-info: +--------+-------+---------------------------+---------------+--------+-------------------+
[    8.670867] cloud-init[658]: ci-info: | Device |   Up  |          Address          |      Mask     | Scope  |     Hw-Address    |
[    8.672280] cloud-init[658]: ci-info: +--------+-------+---------------------------+---------------+--------+-------------------+
[    8.673938] cloud-init[658]: ci-info: | enp0s3 |  True |         10.0.2.15         | 255.255.255.0 | global | 02:08:97:ad:f6:aa |
[    8.674741] cloud-init[658]: ci-info: | enp0s3 |  True | fe80::8:97ff:fead:f6aa/64 |       .       |  link  | 02:08:97:ad:f6:aa |
[    8.675643] cloud-init[658]: ci-info: | enp0s8 | False |             .             |       .       |   .    | 08:00:27:1f:32:24 |
[    8.676436] cloud-init[658]: ci-info: |   lo   |  True |         127.0.0.1         |   255.0.0.0   |  host  |         .         |
[    8.677423] cloud-init[658]: ci-info: |   lo   |  True |          ::1/128          |       .       |  host  |         .         |
[    8.678839] cloud-init[658]: ci-info: +--------+-------+---------------------------+---------------+--------+-------------------+
[    8.679543] cloud-init[658]: ci-info: ++++++++++++++++++++++++++++Route IPv4 info+++++++++++++++++++++++++++++
[    8.680364] cloud-init[658]: ci-info: +-------+-------------+----------+-----------------+-----------+-------+
[    8.681690] cloud-init[658]: ci-info: | Route | Destination | Gateway  |     Genmask     | Interface | Flags |
[    8.683153] cloud-init[658]: ci-info: +-------+-------------+----------+-----------------+-----------+-------+
[    8.684794] cloud-init[658]: ci-info: |   0   |   0.0.0.0   | 10.0.2.2 |     0.0.0.0     |   enp0s3  |   UG  |
[    8.685691] cloud-init[658]: ci-info: |   1   |   10.0.2.0  | 0.0.0.0  |  255.255.255.0  |   enp0s3  |   U   |
[    8.687021] cloud-init[658]: ci-info: |   2   |   10.0.2.2  | 0.0.0.0  | 255.255.255.255 |   enp0s3  |   UH  |
[    8.689085] cloud-init[658]: ci-info: +-------+-------------+----------+-----------------+-----------+-------+
[    8.691493] cloud-init[658]: ci-info: +++++++++++++++++++Route IPv6 info+++++++++++++++++++
[    8.692638] cloud-init[658]: ci-info: +-------+-------------+---------+-----------+-------+
[    8.693445] cloud-init[658]: ci-info: | Route | Destination | Gateway | Interface | Flags |
[    8.694562] cloud-init[658]: ci-info: +-------+-------------+---------+-----------+-------+
[    8.695645] cloud-init[658]: ci-info: |   1   |  fe80::/64  |    ::   |   enp0s3  |   U   |
[    8.700139] cloud-init[658]: ci-info: |   3   |    local    |    ::   |   enp0s3  |   U   |
[    8.700816] cloud-init[658]: ci-info: |   4   |   ff00::/8  |    ::   |   enp0s3  |   U   |
[    8.701535] cloud-init[658]: ci-info: +-------+-------------+---------+-----------+-------+
[    9.372017] cloud-init[658]: Generating public/private rsa key pair.
[    9.372588] cloud-init[658]: Your identification has been saved in /etc/ssh/ssh_host_rsa_key.
[    9.373278] cloud-init[658]: Your public key has been saved in /etc/ssh/ssh_host_rsa_key.pub.
[    9.373930] cloud-init[658]: The key fingerprint is:
[    9.374431] cloud-init[658]: SHA256:nCCoig7kji+OnyhETJx5ONMiOU72iQWwiHbzlUNCyFM root@ubuntu-bionic
[    9.375041] cloud-init[658]: The key's randomart image is:
[    9.376180] cloud-init[658]: +---[RSA 2048]----+
[    9.377086] cloud-init[658]: |+oB +E .         |
[    9.396015] cloud-init[658]: |*& O  o .        |
[    9.396513] cloud-init[658]: |@oXo+ .+         |
[    9.396820] cloud-init[658]: |.*.oo..o..       |
[    9.397247] cloud-init[658]: |o.   .  S        |
[    9.416285] cloud-init[658]: |=.               |
[    9.416867] cloud-init[658]: |=.               |
[    9.417383] cloud-init[658]: |O. .             |
[    9.417642] cloud-init[658]: |*B+              |
[    9.418107] cloud-init[658]: +----[SHA256]-----+
[    9.418565] cloud-init[658]: Generating public/private dsa key pair.
[    9.419139] cloud-init[658]: Your identification has been saved in /etc/ssh/ssh_host_dsa_key.
[    9.420852] cloud-init[658]: Your public key has been saved in /etc/ssh/ssh_host_dsa_key.pub.
[[0;32m  OK  [0m] Started Initial cloud-init job (metadata service crawler).
[[0;32m  OK  [0m] Reached target Network is Online.
[    9.423567] [[0;32m  OK  [0m] Reached target Remote File Systems (Pre).
[[0;32m  OK  [0m] Reached target Remote File Systems.
         Starting Availability of block devices...
[[0;32m  OK  [0m] Reached target System Initialization.
[[0;32m  OK  [0m] Started Discard unused blocks once a week.
cloud-init[658]: The key fingerprint is:
[    9.427333] cloud-init[658]: SHA256:RC30WNu8nOpVDwUj56wIzgt7W+Zpk+ohB2Ubpnoc2Kk root@ubuntu-bionic
[    9.444077] [[0;32m  OK  [0m] Listening on D-Bus System Message Bus Socket.
[[0;32m  OK  [0m] Started ACPI Events Check.
[[0;32m  OK  [0m] Listening on Open-iSCSI iscsid Socket.
[[0;32m  OK  [0m] Listening on ACPID Listen Socket.
[[0;32m  OK  [0m] Reached target Paths.
[[0;32m  OK  [0m] Started Daily apt download activities.
[[0;32m  OK  [0m] Started Daily Cleanup of Temporary Directories.
[[0;32m  OK  [0m] Started Message of the Day.cloud-init[658]: The key's randomart image is:
[    9.454757] cloud-init[658]: +---[DSA 1024]----+
[    9.455155] cloud-init[658]: |       .o.. . +  |
[    9.455631] cloud-init[658]: |       ..+.+ = o |
[    9.455905] cloud-init
         Starting Socket activation for snappy daemon.
         Starting LXD - unix socket.
[[0;32m  OK  [0m[658]: |        O.o o o .|
[    9.461158] cloud-init[658]: |     o X + o + . |
[    9.461582] cloud-init[658]: |    . B S . = o  |
[    9.462014] cloud-init[658]: |     + = . . . o |
[    9.462596] cloud-init[658]: |    E = = +..   .|
[    9.463135] cloud-init[658]: |     . + B+o     |
[    9.463611] cloud-init[658]: |       .+o+.     |
[    9.463881] cloud-init] Started Daily apt upgrade and clean activities.
[[0;32m  OK  [0m] Reached target Timers.
[[0;32m  OK  [0m] Listening on UUID daemon activation socket.
[[0;32m  OK  [0m] Reached target Cloud-config availability.
[[0;32m  OK  [0m] Started Availability of block devices.
[[0;32m  OK  [0m] Listening on Socket activation for snappy daemon.
[[0;32m  OK  [0m] Listening on LXD - unix socket.
[[0;32m  OK  [0m] Reached target Sockets.
[[0;32m  OK  [0m] Reached target Basic System.
         Starting LSB: Record successful boot for GRUB...
[[0;32m  OK  [0m] Started D-Bus System Message Bus.
[658]: +----[SHA256]-----+
[    9.478461] cloud-init[658]: Generating public/private ecdsa key pair.
[    9.479178] cloud-init[658]: Your identification has been saved in /etc/ssh/ssh_host_ecdsa_key.
[    9.482139] cloud-init[658]: Your public key has been saved in /etc/ssh/ssh_host_ecdsa_key.pub.
[    9.485033] cloud-init[658]: The key fingerprint is:
[    9.485980] cloud-init[658]: SHA256:lzpActTF3WwpUDmV0uP9f8FRyEbfiWVJnMFrFWVxD8Y root@ubuntu-bionic
[    9.488257] cloud-init[658]: The key's randomart image is:
         Starting Pollinate to seed the pseudo random number generator...[    9.511840] cloud-init[658]: 
         Starting LSB: automatic crash report generation...
+---[ECDSA 256]---+
[    9.515141] cloud-init[658]: |      .. oo+.XO@@|
[    9.515593] cloud-init[658]: |     .  . . *.EOB|
         Starting Dispatcher daemon for systemd-networkd...
[    9.517485] cloud-init[658]: |    . o      O +B|
[    9.518337] cloud-init[658]:          Starting Virtualbox guest utils...
|     +     .  .+.|
[    9.522307] cloud-init[658]: |      . S o   o o|
[[0;32m  OK  [0m] Started irqbalance daemon.
[    9.528623] cloud-init[658]: |       . o     o.|
[    9.530600] cloud-init[658]: |        o       o|
[    9.531272] cloud-init[658]: |         .      o|
[    9.532354] cloud-init[658]: |                .|
[    9.541959] cloud-init[658]: +----[SHA256]-----+
[    9.542395] cloud-init[658]: Generating public/private ed25519 key pair.
[    9.547411] cloud-init[658]: Your identification has been saved in /etc/ssh/ssh_host_ed25519_key.
[    9.548116] cloud-init[658]: Your public key has been saved in /etc/ssh/ssh_host_ed25519_key.pub.
[    9.550212] cloud-init[658]: The key fingerprint is:[[0;32m  OK  [0m] Started Regular background program processing daemon.
         Starting Login Service...
         Starting Accounts Service...

[    9.555154] cloud-init[658]: SHA256:TiAuPCTxbP8QDzM1umHSnRos0u4uvQjKE3w2Xrx2KR4 root@ubuntu-bionic
         Starting Snappy daemon...
         Starting Permit User Sessions...
[[0;32m  OK  [0m] Started Deferred execution scheduler.
[[0;32m  OK  [0m] Started FUSE filesystem for LXC.
         Starting System Logging Service...
         Starting LXD - container startup/shutdown...
[    9.588849] cloud-init[658]: The key's randomart image is:
[    9.592217] cloud-init[658]: +--[ED25519 256]--+
[    9.592668] cloud-init[658]: |.     o          |
[    9.593433] cloud-init[658]: | = o + o         |
[    9.593887] cloud-init[658]: |o O & +          |
[    9.594210] cloud-init[658]: | B * % .         |
[    9.596153] cloud-init[658]: |. = B . S        |
[    9.596595] cloud-init[658]: | + * = o         |
[    9.597887] cloud-init[658]: |..* oEo o        |
[    9.598172] cloud-init[658]: |=+.. +.o         |
[    9.599973] cloud-init[658]: |oo+.o.o          |
[    9.604175] cloud-init[658]: +----[SHA256]-----+
[[0;32m  OK  [0m] Started Permit User Sessions.
         Starting Terminate Plymouth Boot Screen...
         Starting Hold until boot process finishes up...
[[0;32m  OK  [0m] Started Hold until boot process finishes up.
[[0;32m  OK  [0m] Started Serial Getty on ttyS0.
         Starting Set console scheme...
[[0;32m  OK  [0m] Started Terminate Plymouth Boot Screen.
[[0;32m  OK  [0m] Started System Logging Service.
[[0;32m  OK  [0m] Started Set console scheme.
[[0;32m  OK  [0m] Started Login Service.
[[0;32m  OK  [0m] Started Unattended Upgrades Shutdown.
[[0;32m  OK  [0m] Created slice system-getty.slice.
[[0;32m  OK  [0m] Started Getty on tty1.
[[0;32m  OK  [0m] Reached target Login Prompts.
         Starting Authorization Manager...
[[0;32m  OK  [0m] Started LSB: Record successful boot for GRUB.
[[0;32m  OK  [0m] Started LSB: automatic crash report generation.
[[0;32m  OK  [0m] Started Authorization Manager.
[[0;32m  OK  [0m] Started Accounts Service.
[[0;32m  OK  [0m] Started Virtualbox guest utils.
[[0;32m  OK  [0m] Started LXD - container startup/shutdown.
[[0;32m  OK  [0m] Started Dispatcher daemon for systemd-networkd.
[[0;32m  OK  [0m] Started Snappy daemon.
         Starting Wait until snapd is fully seeded...
[[0;32m  OK  [0m] Started Pollinate to seed the pseudo random number generator.
         Starting OpenBSD Secure Shell server...
[[0;32m  OK  [0m] Started OpenBSD Secure Shell server.
[[0;32m  OK  [0m] Started Wait until snapd is fully seeded.
         Starting Apply the settings specified in cloud-config...
[[0;32m  OK  [0m] Reached target Multi-User System.
[[0;32m  OK  [0m] Reached target Graphical Interface.
         Starting Update UTMP about System Runlevel Changes...
[[0;32m  OK  [0m] Started Update UTMP about System Runlevel Changes.
[   11.370935] cloud-init[1049]: Cloud-init v. 19.4-33-gbb4131a2-0ubuntu1~18.04.1 running 'modules:config' at Wed, 24 Jun 2020 13:01:30 +0000. Up 11.12 seconds.
[[0;32m  OK  [0m] Started Apply the settings specified in cloud-config.
         Starting Execute cloud user/final scripts...
ci-info: no authorized SSH keys fingerprints found for user ubuntu.
<14>Jun 24 13:01:30 ec2: 
<14>Jun 24 13:01:30 ec2: #############################################################
<14>Jun 24 13:01:30 ec2: -----BEGIN SSH HOST KEY FINGERPRINTS-----
<14>Jun 24 13:01:30 ec2: 1024 SHA256:RC30WNu8nOpVDwUj56wIzgt7W+Zpk+ohB2Ubpnoc2Kk root@ubuntu-bionic (DSA)
<14>Jun 24 13:01:30 ec2: 256 SHA256:lzpActTF3WwpUDmV0uP9f8FRyEbfiWVJnMFrFWVxD8Y root@ubuntu-bionic (ECDSA)
<14>Jun 24 13:01:30 ec2: 256 SHA256:TiAuPCTxbP8QDzM1umHSnRos0u4uvQjKE3w2Xrx2KR4 root@ubuntu-bionic (ED25519)
<14>Jun 24 13:01:30 ec2: 2048 SHA256:nCCoig7kji+OnyhETJx5ONMiOU72iQWwiHbzlUNCyFM root@ubuntu-bionic (RSA)
<14>Jun 24 13:01:30 ec2: -----END SSH HOST KEY FINGERPRINTS-----
<14>Jun 24 13:01:30 ec2: #############################################################
-----BEGIN SSH HOST KEY KEYS-----
ecdsa-sha2-nistp256 AAAAE2VjZHNhLXNoYTItbmlzdHAyNTYAAAAIbmlzdHAyNTYAAABBBDM5k3yZ1wy0oIUgv6Ocx5fCGLZfP/R424dFasv+VnNseZjxuq75yKw/ObANdc+bcRA9+stw8fqP4XmmD4u/qyk= root@ubuntu-bionic
ssh-ed25519 AAAAC3NzaC1lZDI1NTE5AAAAILmuypkoixesvjP/Qi01vGztPR84G+P+i1ns8vSPbhhm root@ubuntu-bionic
ssh-rsa AAAAB3NzaC1yc2EAAAADAQABAAABAQC9WMnv3X7w6yS/pfm68PTJEL3c8q0FCrw/pSfvE2IKzkHaPaRselK1fmyCinJs0cqrQTCVzcq/DXncVpyJz2JUNKHD7tthufFdAFPS5BPQsmjqDM3KvZOOn/BWWYauf3w77iB9llWjfLkJeWeELUwIrkzTecuPeP8oEguRj/QIQMg6HICc1AEJrcrISy6B0VCfSDmmXsSCbFOvXd8a2es5GU+CNLF3L/nxHpA4lRv6nDtEx6UgC9okVe+UX4SCJ4TI+7dwYPcb/oxy4vOrXSp7P8yCoit2x0vZUTQFOAa7TJhhu88yiRI163p06OGflSJjFgB+NkNxaIX2Yo2a/9R5 root@ubuntu-bionic
-----END SSH HOST KEY KEYS-----
[   11.779249] cloud-init[1091]: Cloud-init v. 19.4-33-gbb4131a2-0ubuntu1~18.04.1 running 'modules:final' at Wed, 24 Jun 2020 13:01:30 +0000. Up 11.67 seconds.
[   11.780430] cloud-init[1091]: ci-info: no authorized SSH keys fingerprints found for user ubuntu.
[   11.781202] cloud-init[1091]: Cloud-init v. 19.4-33-gbb4131a2-0ubuntu1~18.04.1 finished at Wed, 24 Jun 2020 13:01:30 +0000. Datasource DataSourceNoCloud [seed=/dev/sdb][dsmode=net].  Up 11.77 seconds
[[0;32m  OK  [0m] Started Execute cloud user/final scripts.
[[0;32m  OK  [0m] Reached target Cloud-init target.

Ubuntu 18.04.4 LTS ubuntu-bionic ttyS0

ubuntu-bionic login: 