[    0.000000] Linux version 4.15.0-99-generic (buildd@lcy01-amd64-013) (gcc version 7.5.0 (Ubuntu 7.5.0-3ubuntu1~18.04)) #100-Ubuntu SMP Wed Apr 22 20:32:56 UTC 2020 (Ubuntu 4.15.0-99.100-generic 4.15.18)
[    0.000000] Command line: BOOT_IMAGE=/boot/vmlinuz-4.15.0-99-generic root=LABEL=cloudimg-rootfs ro console=tty1 console=ttyS0
[    0.000000] KERNEL supported cpus:
[    0.000000]   Intel GenuineIntel
[    0.000000]   AMD AuthenticAMD
[    0.000000]   Centaur CentaurHauls
[    0.000000] x86/fpu: Supporting XSAVE feature 0x001: 'x87 floating point registers'
[    0.000000] x86/fpu: Supporting XSAVE feature 0x002: 'SSE registers'
[    0.000000] x86/fpu: Supporting XSAVE feature 0x004: 'AVX registers'
[    0.000000] x86/fpu: xstate_offset[2]:  576, xstate_sizes[2]:  256
[    0.000000] x86/fpu: Enabled xstate features 0x7, context size is 832 bytes, using 'standard' format.
[    0.000000] e820: BIOS-provided physical RAM map:
[    0.000000] BIOS-e820: [mem 0x0000000000000000-0x000000000009fbff] usable
[    0.000000] BIOS-e820: [mem 0x000000000009fc00-0x000000000009ffff] reserved
[    0.000000] BIOS-e820: [mem 0x00000000000f0000-0x00000000000fffff] reserved
[    0.000000] BIOS-e820: [mem 0x0000000000100000-0x000000007ffeffff] usable
[    0.000000] BIOS-e820: [mem 0x000000007fff0000-0x000000007fffffff] ACPI data
[    0.000000] BIOS-e820: [mem 0x00000000fec00000-0x00000000fec00fff] reserved
[    0.000000] BIOS-e820: [mem 0x00000000fee00000-0x00000000fee00fff] reserved
[    0.000000] BIOS-e820: [mem 0x00000000fffc0000-0x00000000ffffffff] reserved
[    0.000000] NX (Execute Disable) protection: active
[    0.000000] SMBIOS 2.5 present.
[    0.000000] DMI: innotek GmbH VirtualBox/VirtualBox, BIOS VirtualBox 12/01/2006
[    0.000000] Hypervisor detected: KVM
[    0.000000] e820: last_pfn = 0x7fff0 max_arch_pfn = 0x400000000
[    0.000000] MTRR: Disabled
[    0.000000] x86/PAT: MTRRs disabled, skipping PAT initialization too.
[    0.000000] CPU MTRRs all blank - virtualized system.
[    0.000000] x86/PAT: Configuration [0-7]: WB  WT  UC- UC  WB  WT  UC- UC  
[    0.000000] found SMP MP-table at [mem 0x0009fff0-0x0009ffff]
[    0.000000] Scanning 1 areas for low memory corruption
[    0.000000] RAMDISK: [mem 0x35a6b000-0x36d2cfff]
[    0.000000] ACPI: Early table checksum verification disabled
[    0.000000] ACPI: RSDP 0x00000000000E0000 000024 (v02 VBOX  )
[    0.000000] ACPI: XSDT 0x000000007FFF0030 00003C (v01 VBOX   VBOXXSDT 00000001 ASL  00000061)
[    0.000000] ACPI: FACP 0x000000007FFF00F0 0000F4 (v04 VBOX   VBOXFACP 00000001 ASL  00000061)
[    0.000000] ACPI: DSDT 0x000000007FFF0470 002325 (v02 VBOX   VBOXBIOS 00000002 INTL 20100528)
[    0.000000] ACPI: FACS 0x000000007FFF0200 000040
[    0.000000] ACPI: FACS 0x000000007FFF0200 000040
[    0.000000] ACPI: APIC 0x000000007FFF0240 000054 (v02 VBOX   VBOXAPIC 00000001 ASL  00000061)
[    0.000000] ACPI: SSDT 0x000000007FFF02A0 0001CC (v01 VBOX   VBOXCPUT 00000002 INTL 20100528)
[    0.000000] No NUMA configuration found
[    0.000000] Faking a node at [mem 0x0000000000000000-0x000000007ffeffff]
[    0.000000] NODE_DATA(0) allocated [mem 0x7ffc5000-0x7ffeffff]
[    0.000000] kvm-clock: cpu 0, msr 0:7ff44001, primary cpu clock
[    0.000000] kvm-clock: Using msrs 4b564d01 and 4b564d00
[    0.000000] kvm-clock: using sched offset of 4191745029 cycles
[    0.000000] clocksource: kvm-clock: mask: 0xffffffffffffffff max_cycles: 0x1cd42e4dffb, max_idle_ns: 881590591483 ns
[    0.000000] Zone ranges:
[    0.000000]   DMA      [mem 0x0000000000001000-0x0000000000ffffff]
[    0.000000]   DMA32    [mem 0x0000000001000000-0x000000007ffeffff]
[    0.000000]   Normal   empty
[    0.000000]   Device   empty
[    0.000000] Movable zone start for each node
[    0.000000] Early memory node ranges
[    0.000000]   node   0: [mem 0x0000000000001000-0x000000000009efff]
[    0.000000]   node   0: [mem 0x0000000000100000-0x000000007ffeffff]
[    0.000000] Reserved but unavailable: 98 pages
[    0.000000] Initmem setup node 0 [mem 0x0000000000001000-0x000000007ffeffff]
[    0.000000] ACPI: PM-Timer IO Port: 0x4008
[    0.000000] IOAPIC[0]: apic_id 1, version 32, address 0xfec00000, GSI 0-23
[    0.000000] ACPI: INT_SRC_OVR (bus 0 bus_irq 0 global_irq 2 dfl dfl)
[    0.000000] ACPI: INT_SRC_OVR (bus 0 bus_irq 9 global_irq 9 low level)
[    0.000000] Using ACPI (MADT) for SMP configuration information
[    0.000000] smpboot: Allowing 1 CPUs, 0 hotplug CPUs
[    0.000000] PM: Registered nosave memory: [mem 0x00000000-0x00000fff]
[    0.000000] PM: Registered nosave memory: [mem 0x0009f000-0x0009ffff]
[    0.000000] PM: Registered nosave memory: [mem 0x000a0000-0x000effff]
[    0.000000] PM: Registered nosave memory: [mem 0x000f0000-0x000fffff]
[    0.000000] e820: [mem 0x80000000-0xfebfffff] available for PCI devices
[    0.000000] Booting paravirtualized kernel on KVM
[    0.000000] clocksource: refined-jiffies: mask: 0xffffffff max_cycles: 0xffffffff, max_idle_ns: 7645519600211568 ns
[    0.000000] random: get_random_bytes called from start_kernel+0x99/0x4fd with crng_init=0
[    0.000000] setup_percpu: NR_CPUS:8192 nr_cpumask_bits:1 nr_cpu_ids:1 nr_node_ids:1
[    0.000000] percpu: Embedded 45 pages/cpu s147456 r8192 d28672 u2097152
[    0.000000] PV qspinlock hash table entries: 256 (order: 0, 4096 bytes)
[    0.000000] Built 1 zonelists, mobility grouping on.  Total pages: 515961
[    0.000000] Policy zone: DMA32
[    0.000000] Kernel command line: BOOT_IMAGE=/boot/vmlinuz-4.15.0-99-generic root=LABEL=cloudimg-rootfs ro console=tty1 console=ttyS0
[    0.000000] Memory: 2015432K/2096696K available (12300K kernel code, 2481K rwdata, 4268K rodata, 2432K init, 2712K bss, 81264K reserved, 0K cma-reserved)
[    0.000000] SLUB: HWalign=64, Order=0-3, MinObjects=0, CPUs=1, Nodes=1
[    0.000000] Kernel/User page tables isolation: enabled
[    0.000000] ftrace: allocating 39364 entries in 154 pages
[    0.004000] Hierarchical RCU implementation.
[    0.004000] 	RCU restricting CPUs from NR_CPUS=8192 to nr_cpu_ids=1.
[    0.004000] 	Tasks RCU enabled.
[    0.004000] RCU: Adjusting geometry for rcu_fanout_leaf=16, nr_cpu_ids=1
[    0.004000] NR_IRQS: 524544, nr_irqs: 256, preallocated irqs: 16
[    0.004000] Console: colour VGA+ 80x25
[    0.004000] console [tty1] enabled
[    0.004000] console [ttyS0] enabled
[    0.004000] ACPI: Core revision 20170831
[    0.004000] ACPI: 2 ACPI AML tables successfully acquired and loaded
[    0.004000] APIC: Switch to symmetric I/O mode setup
[    0.004000] x2apic enabled
[    0.004000] Switched APIC routing to physical x2apic.
[    0.004000] ..TIMER: vector=0x30 apic1=0 pin1=2 apic2=-1 pin2=-1
[    0.004000] tsc: Detected 4008.004 MHz processor
[    0.004007] Calibrating delay loop (skipped) preset value.. 8016.00 BogoMIPS (lpj=16032016)
[    0.005204] pid_max: default: 32768 minimum: 301
[    0.005869] Security Framework initialized
[    0.006477] Yama: becoming mindful.
[    0.007031] AppArmor: AppArmor initialized
[    0.008000] Dentry cache hash table entries: 262144 (order: 9, 2097152 bytes)
[    0.012000] Inode-cache hash table entries: 131072 (order: 8, 1048576 bytes)
[    0.012016] Mount-cache hash table entries: 4096 (order: 3, 32768 bytes)
[    0.012840] Mountpoint-cache hash table entries: 4096 (order: 3, 32768 bytes)
[    0.013926] process: using mwait in idle threads
[    0.016005] Last level iTLB entries: 4KB 64, 2MB 8, 4MB 8
[    0.016689] Last level dTLB entries: 4KB 64, 2MB 0, 4MB 0, 1GB 4
[    0.017373] Spectre V1 : Mitigation: usercopy/swapgs barriers and __user pointer sanitization
[    0.018414] Spectre V2 : Mitigation: Full generic retpoline
[    0.019140] Spectre V2 : Spectre v2 / SpectreRSB mitigation: Filling RSB on context switch
[    0.020001] Speculative Store Bypass: Vulnerable
[    0.020641] MDS: Vulnerable: Clear CPU buffers attempted, no microcode
[    0.028000] Freeing SMP alternatives memory: 36K
[    0.138557] smpboot: CPU0: Intel(R) Core(TM) i7-6700K CPU @ 4.00GHz (family: 0x6, model: 0x5e, stepping: 0x3)
[    0.139785] Performance Events: unsupported p6 CPU model 94 no PMU driver, software events only.
[    0.140000] Hierarchical SRCU implementation.
[    0.140000] NMI watchdog: Perf event create on CPU 0 failed with -2
[    0.140000] NMI watchdog: Perf NMI watchdog permanently disabled
[    0.140040] smp: Bringing up secondary CPUs ...
[    0.140596] smp: Brought up 1 node, 1 CPU
[    0.141094] smpboot: Max logical packages: 1
[    0.141625] smpboot: Total of 1 processors activated (8016.00 BogoMIPS)
[    0.142488] devtmpfs: initialized
[    0.143021] x86/mm: Memory block size: 128MB
[    0.144148] evm: security.selinux
[    0.144566] evm: security.SMACK64
[    0.144989] evm: security.SMACK64EXEC
[    0.145466] evm: security.SMACK64TRANSMUTE
[    0.145969] evm: security.SMACK64MMAP
[    0.146431] evm: security.apparmor
[    0.146876] evm: security.ima
[    0.147259] evm: security.capability
[    0.148071] clocksource: jiffies: mask: 0xffffffff max_cycles: 0xffffffff, max_idle_ns: 7645041785100000 ns
[    0.149227] futex hash table entries: 256 (order: 2, 16384 bytes)
[    0.150015] pinctrl core: initialized pinctrl subsystem
[    0.150717] RTC time: 22:00:20, date: 05/30/20
[    0.151321] NET: Registered protocol family 16
[    0.152054] audit: initializing netlink subsys (disabled)
[    0.152813] cpuidle: using governor ladder
[    0.153357] cpuidle: using governor menu
[    0.153890] ACPI: bus type PCI registered
[    0.154391] acpiphp: ACPI Hot Plug PCI Controller Driver version: 0.5
[    0.155244] PCI: Using configuration type 1 for base access
[    0.155951] audit: type=2000 audit(1590876025.879:1): state=initialized audit_enabled=0 res=1
[    0.156755] HugeTLB registered 2.00 MiB page size, pre-allocated 0 pages
[    0.157847] ACPI: Added _OSI(Module Device)
[    0.160003] ACPI: Added _OSI(Processor Device)
[    0.160622] ACPI: Added _OSI(3.0 _SCP Extensions)
[    0.161276] ACPI: Added _OSI(Processor Aggregator Device)
[    0.161914] ACPI: Added _OSI(Linux-Dell-Video)
[    0.162449] ACPI: Added _OSI(Linux-Lenovo-NV-HDMI-Audio)
[    0.163072] ACPI: Added _OSI(Linux-HPI-Hybrid-Graphics)
[    0.164089] ACPI: Executed 1 blocks of module-level executable AML code
[    0.167128] ACPI: Interpreter enabled
[    0.167613] ACPI: (supports S0 S5)
[    0.168000] ACPI: Using IOAPIC for interrupt routing
[    0.168170] PCI: Using host bridge windows from ACPI; if necessary, use "pci=nocrs" and report a bug
[    0.169483] ACPI: Enabled 2 GPEs in block 00 to 07
[    0.192039] ACPI: PCI Root Bridge [PCI0] (domain 0000 [bus 00-ff])
[    0.192807] acpi PNP0A03:00: _OSC: OS supports [ASPM ClockPM Segments MSI]
[    0.194140] acpi PNP0A03:00: _OSC: not requesting OS control; OS requires [ExtendedConfig ASPM ClockPM MSI]
[    0.195443] acpi PNP0A03:00: fail to add MMCONFIG information, can't access extended PCI configuration space under this bridge.
[    0.196299] PCI host bridge to bus 0000:00
[    0.196908] pci_bus 0000:00: root bus resource [io  0x0000-0x0cf7 window]
[    0.197679] pci_bus 0000:00: root bus resource [io  0x0d00-0xffff window]
[    0.198466] pci_bus 0000:00: root bus resource [mem 0x000a0000-0x000bffff window]
[    0.200002] pci_bus 0000:00: root bus resource [mem 0x80000000-0xfdffffff window]
[    0.200907] pci_bus 0000:00: root bus resource [bus 00-ff]
[    0.202995] pci 0000:00:01.1: legacy IDE quirk: reg 0x10: [io  0x01f0-0x01f7]
[    0.204002] pci 0000:00:01.1: legacy IDE quirk: reg 0x14: [io  0x03f6]
[    0.204746] pci 0000:00:01.1: legacy IDE quirk: reg 0x18: [io  0x0170-0x0177]
[    0.205557] pci 0000:00:01.1: legacy IDE quirk: reg 0x1c: [io  0x0376]
[    0.229312] pci 0000:00:07.0: quirk: [io  0x4000-0x403f] claimed by PIIX4 ACPI
[    0.230390] pci 0000:00:07.0: quirk: [io  0x4100-0x410f] claimed by PIIX4 SMB
[    0.247166] ACPI: PCI Interrupt Link [LNKA] (IRQs 5 9 10 *11)
[    0.248251] ACPI: PCI Interrupt Link [LNKB] (IRQs 5 9 *10 11)
[    0.249050] ACPI: PCI Interrupt Link [LNKC] (IRQs 5 *9 10 11)
[    0.249897] ACPI: PCI Interrupt Link [LNKD] (IRQs 5 9 10 *11)
[    0.250841] SCSI subsystem initialized
[    0.252068] pci 0000:00:02.0: vgaarb: setting as boot VGA device
[    0.252853] pci 0000:00:02.0: vgaarb: VGA device added: decodes=io+mem,owns=io+mem,locks=none
[    0.253934] pci 0000:00:02.0: vgaarb: bridge control possible
[    0.254684] vgaarb: loaded
[    0.255103] ACPI: bus type USB registered
[    0.256023] usbcore: registered new interface driver usbfs
[    0.256694] usbcore: registered new interface driver hub
[    0.257648] usbcore: registered new device driver usb
[    0.259213] EDAC MC: Ver: 3.0.0
[    0.260264] PCI: Using ACPI for IRQ routing
[    0.261151] NetLabel: Initializing
[    0.261655] NetLabel:  domain hash size = 128
[    0.262236] NetLabel:  protocols = UNLABELED CIPSOv4 CALIPSO
[    0.262946] NetLabel:  unlabeled traffic allowed by default
[    0.263851] clocksource: Switched to clocksource kvm-clock
[    0.315417] VFS: Disk quotas dquot_6.6.0
[    0.315942] VFS: Dquot-cache hash table entries: 512 (order 0, 4096 bytes)
[    0.316930] AppArmor: AppArmor Filesystem Enabled
[    0.317529] pnp: PnP ACPI init
[    0.318653] pnp: PnP ACPI: found 3 devices
[    0.324542] clocksource: acpi_pm: mask: 0xffffff max_cycles: 0xffffff, max_idle_ns: 2085701024 ns
[    0.325789] NET: Registered protocol family 2
[    0.326584] TCP established hash table entries: 16384 (order: 5, 131072 bytes)
[    0.327599] TCP bind hash table entries: 16384 (order: 6, 262144 bytes)
[    0.328410] TCP: Hash tables configured (established 16384 bind 16384)
[    0.329177] UDP hash table entries: 1024 (order: 3, 32768 bytes)
[    0.329868] UDP-Lite hash table entries: 1024 (order: 3, 32768 bytes)
[    0.330746] NET: Registered protocol family 1
[    0.331337] pci 0000:00:00.0: Limiting direct PCI/PCI transfers
[    0.332169] pci 0000:00:01.0: Activating ISA DMA hang workarounds
[    0.332905] pci 0000:00:02.0: Video device with shadowed ROM at [mem 0x000c0000-0x000dffff]
[    0.333980] Unpacking initramfs...
[    0.945359] Freeing initrd memory: 19208K
[    0.946329] clocksource: tsc: mask: 0xffffffffffffffff max_cycles: 0x39c5e55cdd3, max_idle_ns: 440795219181 ns
[    0.948258] platform rtc_cmos: registered platform RTC device (no PNP device found)
[    0.949621] Scanning for low memory corruption every 60 seconds
[    0.951264] Initialise system trusted keyrings
[    0.951993] Key type blacklist registered
[    0.952636] workingset: timestamp_bits=36 max_order=19 bucket_order=0
[    0.954543] zbud: loaded
[    0.955540] squashfs: version 4.0 (2009/01/31) Phillip Lougher
[    0.956807] fuse init (API version 7.26)
[    0.958002] Key type asymmetric registered
[    0.958563] Asymmetric key parser 'x509' registered
[    0.959238] Block layer SCSI generic (bsg) driver version 0.4 loaded (major 246)
[    0.960160] io scheduler noop registered
[    0.960709] io scheduler deadline registered
[    0.961331] io scheduler cfq registered (default)
[    0.962177] ACPI: AC Adapter [AC] (on-line)
[    0.962747] input: Power Button as /devices/LNXSYSTM:00/LNXPWRBN:00/input/input0
[    0.963803] ACPI: Power Button [PWRF]
[    0.964523] input: Sleep Button as /devices/LNXSYSTM:00/LNXSLPBN:00/input/input1
[    0.965572] ACPI: Sleep Button [SLPF]
[    0.966197] Serial: 8250/16550 driver, 32 ports, IRQ sharing enabled
[    0.987689] 00:02: ttyS0 at I/O 0x3f8 (irq = 4, base_baud = 115200) is a 16550A
[    0.990326] Linux agpgart interface v0.103
[    0.991714] loop: module loaded
[    0.992920] scsi host0: ata_piix
[    0.993510] scsi host1: ata_piix
[    0.994014] ata1: PATA max UDMA/33 cmd 0x1f0 ctl 0x3f6 bmdma 0xd000 irq 14
[    0.995004] ata2: PATA max UDMA/33 cmd 0x170 ctl 0x376 bmdma 0xd008 irq 15
[    0.996303] libphy: Fixed MDIO Bus: probed
[    0.997140] tun: Universal TUN/TAP device driver, 1.6
[    0.997938] PPP generic driver version 2.4.2
[    0.998745] ehci_hcd: USB 2.0 'Enhanced' Host Controller (EHCI) Driver
[    0.999603] ehci-pci: EHCI PCI platform driver
[    1.000291] ehci-platform: EHCI generic platform driver
[    1.001055] ohci_hcd: USB 1.1 'Open' Host Controller (OHCI) Driver
[    1.002188] ohci-pci: OHCI PCI platform driver
[    1.002908] ohci-platform: OHCI generic platform driver
[    1.003812] uhci_hcd: USB Universal Host Controller Interface driver
[    1.005478] i8042: PNP: PS/2 Controller [PNP0303:PS2K,PNP0f03:PS2M] at 0x60,0x64 irq 1,12
[    1.008044] serio: i8042 KBD port at 0x60,0x64 irq 1
[    1.009968] serio: i8042 AUX port at 0x60,0x64 irq 12
[    1.010789] mousedev: PS/2 mouse device common for all mice
[    1.012228] input: AT Translated Set 2 keyboard as /devices/platform/i8042/serio0/input/input2
[    1.014481] rtc_cmos rtc_cmos: rtc core: registered rtc_cmos as rtc0
[    1.015474] rtc_cmos rtc_cmos: alarms up to one day, 114 bytes nvram
[    1.016236] i2c /dev entries driver
[    1.016713] device-mapper: uevent: version 1.0.3
[    1.017330] device-mapper: ioctl: 4.37.0-ioctl (2017-09-20) initialised: dm-devel@redhat.com
[    1.018313] ledtrig-cpu: registered to indicate activity on CPUs
[    1.019090] intel_pmc_core:  initialized
[    1.019706] NET: Registered protocol family 10
[    1.023181] Segment Routing with IPv6
[    1.023717] NET: Registered protocol family 17
[    1.024388] Key type dns_resolver registered
[    1.025109] mce: Using 0 MCE banks
[    1.025713] RAS: Correctable Errors collector initialized.
[    1.026535] sched_clock: Marking stable (1024327158, 0)->(1307425845, -283098687)
[    1.027562] registered taskstats version 1
[    1.028068] Loading compiled-in X.509 certificates
[    1.029964] Loaded X.509 cert 'Build time autogenerated kernel key: 7480108fe56bba9284001dfb9078560125be4684'
[    1.031114] zswap: loaded using pool lzo/zbud
[    1.033255] Key type big_key registered
[    1.033729] Key type trusted registered
[    1.035005] Key type encrypted registered
[    1.035545] AppArmor: AppArmor sha1 policy hashing enabled
[    1.036308] ima: No TPM chip found, activating TPM-bypass! (rc=-19)
[    1.037090] ima: Allocated hash algorithm: sha1
[    1.037815] evm: HMAC attrs: 0x1
[    1.038677]   Magic number: 4:545:48
[    1.039257] rtc_cmos rtc_cmos: setting system clock to 2020-05-30 22:00:21 UTC (1590876021)
[    1.040659] BIOS EDD facility v0.16 2004-Jun-25, 0 devices found
[    1.041514] EDD information not available.
[    1.180139] Freeing unused kernel image memory: 2432K
[    1.188293] Write protecting the kernel read-only data: 20480k
[    1.189508] Freeing unused kernel image memory: 2008K
[    1.190364] Freeing unused kernel image memory: 1876K
[    1.195168] x86/mm: Checked W+X mappings: passed, no W+X pages found.
[    1.196044] x86/mm: Checking user space page tables
[    1.200850] x86/mm: Checked W+X mappings: passed, no W+X pages found.
Loading, please wait...
starting version 237
[    1.273052] e1000: Intel(R) PRO/1000 Network Driver - version 7.3.21-k8-NAPI
[    1.274158] e1000: Copyright (c) 1999-2006 Intel Corporation.
[    1.278463] Fusion MPT base driver 3.04.20
[    1.279068] Copyright (c) 1999-2008 LSI Corporation
[    1.301050] Fusion MPT SPI Host driver 3.04.20
[    1.313609] AVX2 version of gcm_enc/dec engaged.
[    1.314354] AES CTR mode by8 optimization enabled
[    1.550258] input: ImExPS/2 Generic Explorer Mouse as /devices/platform/i8042/serio1/input/input4
[    1.671449] e1000 0000:00:03.0 eth0: (PCI:33MHz:32-bit) 02:2b:21:86:a5:be
[    1.672533] e1000 0000:00:03.0 eth0: Intel(R) PRO/1000 Network Connection
[    1.674138] mptbase: ioc0: Initiating bringup
[    1.768145] ioc0: LSI53C1030 A0: Capabilities={Initiator}
[    2.008844] scsi host2: ioc0: LSI53C1030 A0, FwRev=00000000h, Ports=1, MaxQ=256, IRQ=20
[    2.176229] scsi 2:0:0:0: Direct-Access     VBOX     HARDDISK         1.0  PQ: 0 ANSI: 5
[    2.177366] scsi target2:0:0: Beginning Domain Validation
[    2.180118] scsi target2:0:0: Domain Validation skipping write tests
[    2.180948] scsi target2:0:0: Ending Domain Validation
[    2.181667] scsi target2:0:0: asynchronous
[    2.182473] scsi 2:0:1:0: Direct-Access     VBOX     HARDDISK         1.0  PQ: 0 ANSI: 5
[    2.183602] scsi target2:0:1: Beginning Domain Validation
[    2.184420] random: fast init done
[    2.185416] scsi target2:0:1: Domain Validation skipping write tests
[    2.186291] scsi target2:0:1: Ending Domain Validation
[    2.186988] scsi target2:0:1: asynchronous
[    2.190250] random: systemd-udevd: uninitialized urandom read (16 bytes read)
[    2.191221] random: systemd-udevd: uninitialized urandom read (16 bytes read)
[    2.192151] random: systemd-udevd: uninitialized urandom read (16 bytes read)
[    2.193333] sd 2:0:0:0: [sda] 20971520 512-byte logical blocks: (10.7 GB/10.0 GiB)
[    2.194448] sd 2:0:0:0: [sda] Write Protect is off
[    2.195185] sd 2:0:0:0: [sda] Incomplete mode parameter data
[    2.195975] sd 2:0:0:0: [sda] Assuming drive cache: write through
[    2.196876] sd 2:0:0:0: Attached scsi generic sg0 type 0
[    2.197803] sd 2:0:1:0: [sdb] 20480 512-byte logical blocks: (10.5 MB/10.0 MiB)
[    2.198695] sd 2:0:1:0: [sdb] Write Protect is off
[    2.199325] sd 2:0:1:0: [sdb] Incomplete mode parameter data
[    2.199982] sd 2:0:1:0: [sdb] Assuming drive cache: write through
[    2.201425] sd 2:0:1:0: Attached scsi generic sg1 type 0
[    2.202100]  sda: sda1
[    2.203298] sd 2:0:0:0: [sda] Attached SCSI disk
[    2.260287] sd 2:0:1:0: [sdb] Attached SCSI disk
[    2.539067] e1000 0000:00:08.0 eth1: (PCI:33MHz:32-bit) 08:00:27:0f:ee:66
[    2.540048] e1000 0000:00:08.0 eth1: Intel(R) PRO/1000 Network Connection
[    2.541660] e1000 0000:00:08.0 enp0s8: renamed from eth1
[    2.543548] e1000 0000:00:03.0 enp0s3: renamed from eth0
Begin: Loading essential drivers ... [    3.872148] raid6: sse2x1   gen() 13427 MB/s
[    3.920268] raid6: sse2x1   xor() 10010 MB/s
[    3.968378] raid6: sse2x2   gen() 16988 MB/s
[    4.016496] raid6: sse2x2   xor() 10865 MB/s
[    4.064115] raid6: sse2x4   gen() 15105 MB/s
[    4.112207] raid6: sse2x4   xor() 11466 MB/s
[    4.160327] raid6: avx2x1   gen() 25610 MB/s
[    4.209940] raid6: avx2x1   xor() 14887 MB/s
[    4.256585] raid6: avx2x2   gen() 23944 MB/s
[    4.304171] raid6: avx2x2   xor() 18252 MB/s
[    4.352282] raid6: avx2x4   gen() 38056 MB/s
[    4.400384] raid6: avx2x4   xor() 15850 MB/s
[    4.400926] raid6: using algorithm avx2x4 gen() 38056 MB/s
[    4.401582] raid6: .... xor() 15850 MB/s, rmw enabled
[    4.402211] raid6: using avx2x2 recovery algorithm
[    4.404105] xor: automatically using best checksumming function   avx       
[    4.406126] async_tx: api initialized (async)
done.
Begin: Running /scripts/init-premount ... done.
Begin: Mounting root file system ... Begin: Running /scripts/local-top ... done.
Begin: Running /scripts/local-premount ... [    4.441699] Btrfs loaded, crc32c=crc32c-intel
Scanning for Btrfs filesystems
done.
Warning: fsck not present, so skipping root file system
[    4.471374] EXT4-fs (sda1): mounted filesystem with ordered data mode. Opts: (null)
done.
Begin: Running /scripts/local-bottom ... done.
Begin: Running /scripts/init-bottom ... done.
[    4.961401] ip_tables: (C) 2000-2006 Netfilter Core Team
[    4.989536] systemd[1]: systemd 237 running in system mode. (+PAM +AUDIT +SELINUX +IMA +APPARMOR +SMACK +SYSVINIT +UTMP +LIBCRYPTSETUP +GCRYPT +GNUTLS +ACL +XZ +LZ4 +SECCOMP +BLKID +ELFUTILS +KMOD -IDN2 +IDN -PCRE2 default-hierarchy=hybrid)
[    4.992461] systemd[1]: Detected virtualization oracle.
[    4.993119] systemd[1]: Detected architecture x86-64.

Welcome to [1mUbuntu 18.04.4 LTS[0m!

[    5.007594] systemd[1]: Set hostname to <ubuntu>.
[    5.019306] systemd[1]: Initializing machine ID from random generator.
[    5.020100] systemd[1]: Installed transient /etc/machine-id file.
[    5.607033] systemd[1]: Set up automount Arbitrary Executable File Formats File System Automount Point.
[[0;32m  OK  [0m] Set up automount Arbitrary Executab…rmats File System Automount Point.
[    5.609440] systemd[1]: Created slice User and Session Slice.
[[0;32m  OK  [0m] Created slice User and Session Slice.
[    5.610691] systemd[1]: Reached target System Time Synchronized.
[[0;32m  OK  [0m] Reached target System Time Synchronized.
[    5.611895] systemd[1]: Reached target User and Group Name Lookups.
[[0;32m  OK  [0m] Reached target User and Group Name Lookups.
[[0;32m  OK  [0m] Reached target Swap.
[[0;32m  OK  [0m] Started Forward Password Requests to Wall Directory Watch.
[[0;32m  OK  [0m] Created slice System Slice.
[[0;32m  OK  [0m] Created slice system-serial\x2dgetty.slice.
[[0;32m  OK  [0m] Listening on udev Kernel Socket.
[[0;32m  OK  [0m] Listening on Network Service Netlink Socket.
[[0;32m  OK  [0m] Listening on Journal Socket (/dev/log).
[[0;32m  OK  [0m] Listening on Journal Audit Socket.
[[0;32m  OK  [0m] Listening on Device-mapper event daemon FIFOs.
[[0;32m  OK  [0m] Reached target Slices.
[[0;32m  OK  [0m] Listening on /dev/initctl Compatibility Named Pipe.
[[0;32m  OK  [0m] Listening on LVM2 metadata daemon socket.
[[0;32m  OK  [0m] Listening on Journal Socket.
         Starting Load Kernel Modules...
         Starting Remount Root and Kernel File Systems...
         Mounting Kernel Debug File System...
         Mounting POSIX Message Queue File System...
         Starting Uncomplicated firewall...
         Starting Set the console keyboard layout...
         Mounting Huge Pages File System...
[[0;32m  OK  [0m] Listening on LVM2 poll daemon socket.
         Starting Monitoring of LVM2 mirrors…ng dmeventd or progress polling...
[[0;32m  OK  [0m] Listening on Syslog Socket.
         Starting Journal Service...
[[0;32m  OK  [0m[    5.670886] random: crng init done
[    5.671444] random: 7 urandom warning(s) missed due to ratelimiting
] Listening on udev Control Socket.
         Starting udev Coldplug all Devices...
         Starting Create list of required st…ce nodes for the current kernel...
[    5.711588] Loading iSCSI transport class v2.0-870.
[    5.715814] iscsi: registered transport (tcp)
[    5.735009] iscsi: registered transport (iser)
[[0;32m  OK  [0m] Started Load Kernel Modules.
         Mounting FUSE Control File System...
         Mounting Kernel Configuration File System...
         Starting Apply Kernel Variables...
[[0;32m  OK  [0m] Started Uncomplicated firewall.
[[0;32m  OK  [0m] Started udev Coldplug all Devices.
[[0;32m  OK  [0m] Started Create list of required sta…vice nodes for the current kernel.
         Starting Create Static Device Nodes in /dev...
[[0;32m  OK  [0m] Mounted FUSE Control File System.
[[0;32m  OK  [0m] Mounted Kernel Configuration File System.
[[0;32m  OK  [0m] Mounted Kernel Debug File System.
[[0;32m  OK  [0m] Mounted POSIX Message Queue File System.
[[0;32m  OK  [0m] Mounted Huge Pages File System.
[[0;32m  OK  [0m] Started Journal Service.
[[0;32m  OK  [0m] Started LVM2 metadata daemon.
[[0;32m  OK  [0m] Started Remount Root and Kernel File Systems.
         Starting Flush Journal to Persistent Storage...
         Starting Load/Save Random Seed...
[[0;32m  OK  [0m] Started Set the console keyboard layout.
[[0;32m  OK  [0m] Started Apply Kernel Variables.
[[0;32m  OK  [0m] Started Create Static Device Nodes in /dev.
[[0;32m  OK  [0m] Started Load/Save Random Seed.
         Starting udev Kernel Device Manager...
[[0;32m  OK  [0m] Started Monitoring of LVM2 mirrors,…sing dmeventd or progress polling.
[[0;32m  OK  [0m] Reached target Local File Systems (Pre).
[[0;32m  OK  [0m] Reached target Local File Systems.
         Starting ebtables ruleset management...
         Starting Tell Plymouth To Write Out Runtime Data...
         Starting AppArmor initialization...
         Starting Set console font and keymap...
         Starting Commit a transient machine-id on disk...
[[0;32m  OK  [0m] Started udev Kernel Device Manager.
[[0;32m  OK  [0m] Started Dispatch Password Requests to Console Directory Watch.
[[0;32m  OK  [0m] Reached target Local Encrypted Volumes.
[[0;32m  OK  [0m] Started Flush Journal to Persistent Storage.
         Starting Create Volatile Files and Directories...
[[0;32m  OK  [0m] Started Tell Plymouth To Write Out Runtime Data.
[[0;32m  OK  [0m] Started Set console font and keymap.
[[0;32m  OK  [0m] Started Commit a transient machine-id on disk.
[[0;32m  OK  [0m] Started Create Volatile Files and Directories.
         Starting Update UTMP about System Boot/Shutdown...
[[0;32m  OK  [0m] Started Update UTMP about System Boot/Shutdown.
[[0;32m  OK  [0m] Started ebtables ruleset management.
[[0;32m  OK  [0m] Found device /dev/ttyS0.
[[0;32m  OK  [0m] Listening on Load/Save RF Kill Switch Status /dev/rfkill Watch.
[[0;32m  OK  [0m] Started AppArmor initialization.
         Starting Initial cloud-init job (pre-networking)...
[   10.019714] cloud-init[533]: Cloud-init v. 19.4-33-gbb4131a2-0ubuntu1~18.04.1 running 'init-local' at Sat, 30 May 2020 22:00:30 +0000. Up 9.55 seconds.
[[0;32m  OK  [0m] Started Initial cloud-init job (pre-networking).
[[0;32m  OK  [0m] Reached target Network (Pre).
         Starting Network Service...
[[0;32m  OK  [0m] Started Network Service.
         Starting Network Name Resolution...
         Starting Wait for Network to be Configured...
[[0;32m  OK  [0m] Started Network Name Resolution.
[[0;32m  OK  [0m] Reached target Host and Network Name Lookups.
[[0;32m  OK  [0m] Reached target Network.
[[0;32m  OK  [0m] Started Wait for Network to be Configured.
         Starting Initial cloud-init job (metadata service crawler)...
[   11.688768] cloud-init[640]: Cloud-init v. 19.4-33-gbb4131a2-0ubuntu1~18.04.1 running 'init' at Sat, 30 May 2020 22:00:32 +0000. Up 11.54 seconds.
[   11.691087] cloud-init[640]: ci-info: ++++++++++++++++++++++++++++++++++++++Net device info+++++++++++++++++++++++++++++++++++++++
[   11.694488] cloud-init[640]: ci-info: +--------+-------+----------------------------+---------------+--------+-------------------+
[   11.695216] cloud-init[640]: ci-info: | Device |   Up  |          Address           |      Mask     | Scope  |     Hw-Address    |
[   11.697125] cloud-init[640]: ci-info: +--------+-------+----------------------------+---------------+--------+-------------------+
[   11.698464] cloud-init[640]: ci-info: | enp0s3 |  True |         10.0.2.15          | 255.255.255.0 | global | 02:2b:21:86:a5:be |
[   11.699739] cloud-init[640]: ci-info: | enp0s3 |  True | fe80::2b:21ff:fe86:a5be/64 |       .       |  link  | 02:2b:21:86:a5:be |
[   11.702857] cloud-init[640]: ci-info: | enp0s8 | False |             .              |       .       |   .    | 08:00:27:0f:ee:66 |
[   11.704189] cloud-init[640]: ci-info: |   lo   |  True |         127.0.0.1          |   255.0.0.0   |  host  |         .         |
[   11.705309] cloud-init[640]: ci-info: |   lo   |  True |          ::1/128           |       .       |  host  |         .         |
[   11.706439] cloud-init[640]: ci-info: +--------+-------+----------------------------+---------------+--------+-------------------+
[   11.707565] cloud-init[640]: ci-info: ++++++++++++++++++++++++++++Route IPv4 info+++++++++++++++++++++++++++++
[   11.708624] cloud-init[640]: ci-info: +-------+-------------+----------+-----------------+-----------+-------+
[   11.710214] cloud-init[640]: ci-info: | Route | Destination | Gateway  |     Genmask     | Interface | Flags |
[   11.711223] cloud-init[640]: ci-info: +-------+-------------+----------+-----------------+-----------+-------+
[   11.712285] cloud-init[640]: ci-info: |   0   |   0.0.0.0   | 10.0.2.2 |     0.0.0.0     |   enp0s3  |   UG  |
[   11.714024] cloud-init[640]: ci-info: |   1   |   10.0.2.0  | 0.0.0.0  |  255.255.255.0  |   enp0s3  |   U   |
[   11.718571] cloud-init[640]: ci-info: |   2   |   10.0.2.2  | 0.0.0.0  | 255.255.255.255 |   enp0s3  |   UH  |
[   11.722137] cloud-init[640]: ci-info: +-------+-------------+----------+-----------------+-----------+-------+
[   11.728291] cloud-init[640]: ci-info: +++++++++++++++++++Route IPv6 info+++++++++++++++++++
[   11.730024] cloud-init[640]: ci-info: +-------+-------------+---------+-----------+-------+
[   11.731805] cloud-init[640]: ci-info: | Route | Destination | Gateway | Interface | Flags |
[   11.734114] cloud-init[640]: ci-info: +-------+-------------+---------+-----------+-------+
[   11.734589] cloud-init[640]: ci-info: |   1   |  fe80::/64  |    ::   |   enp0s3  |   U   |
[   11.735613] cloud-init[640]: ci-info: |   3   |    local    |    ::   |   enp0s3  |   U   |
[   11.736569] cloud-init[640]: ci-info: |   4   |   ff00::/8  |    ::   |   enp0s3  |   U   |
[   11.737531] cloud-init[640]: ci-info: +-------+-------------+---------+-----------+-------+
[   12.881822] cloud-init[640]: Generating public/private rsa key pair.
[   12.882598] cloud-init[640]: Your identification has been saved in /etc/ssh/ssh_host_rsa_key.
[   12.883519] cloud-init[640]: Your public key has been saved in /etc/ssh/ssh_host_rsa_key.pub.
[   12.884369] cloud-init[640]: The key fingerprint is:
[   12.887234] cloud-init[640]: SHA256:wlPOOuyDl/j4JXnFsDj7VS2M7zdZdEHQXmIStYVzmNE root@ubuntu-bionic
[   12.888122] cloud-init[640]: The key's randomart image is:
[   12.888433] cloud-init[640]: +---[RSA 2048]----+
[   12.892187] cloud-init[640]: |            .+*B.|
[   12.892890] cloud-init[640]: |            . B=E|
[   12.893460] cloud-init[640]: |        o    oo+o|
[   12.894108] cloud-init[640]: |     . = + o . .o|
[   12.894697] cloud-init[640]: |      * S + + ...|
[   12.895263] cloud-init[640]: |     . B . o .  .|
[   12.895860] cloud-init[640]: |     oB.o . .  o |
[   12.912506] cloud-init[640]: |    oo+* . .  +  |
[   12.912922] cloud-init[640]: |    .++..   .. . |
[   12.913321] cloud-init[640]: +----[SHA256]-----+
[   12.913880] cloud-init[640]: Generating public/private dsa key pair.
[   12.914517] cloud-init[640]: Your identification has been saved in /etc/ssh/ssh_host_dsa_key.
[   12.915391] cloud-init[640]: Your public key has been saved in /etc/ssh/ssh_host_dsa_key.pub.
[   12.920505] cloud-init[640]: The key fingerprint is:
[   12.921086] cloud-init[640]: SHA256:ub3DU+zv85/8EDxkNfcF8f4Xpncf5qM+kvniwp/HQJw root@ubuntu-bionic
[   12.921976] cloud-init[640]: The key's randomart image is:
[   12.922607] cloud-init[640]: +---[DSA 1024]----+
[   12.923132] cloud-init[640]: |              o++|
[   12.923668] cloud-init[640]: |               o=|
[   12.928439] cloud-init[640]: |          . . o o|
[   12.929435] cloud-init[640]: |         . E + . |
[   12.929976] cloud-init[640]: |        S ..  +o.|
[   12.930799] cloud-init[640]: |         o .o ooo|
[   12.940301] cloud-init[640]: |        o..o=..++|
[   12.940847] cloud-init[640]: |         o+*o+*o*|
[   12.941367] cloud-init[640]: |          =***=*O|
[   12.941910] cloud-init[640]: +----[SHA256]-----+
[   12.942432] cloud-init[640]: Generating public/private ecdsa key pair.
[[0;32m  OK  [0m] Started Initial cloud-init job (metadata service crawler).
[[0;32m  OK  [0m] Reached target System Initialization.
[[0;32m  OK  [0m] Listening on Open-iSCSI iscsid Socket.
[[0;32m  OK  [0m] Listening on D-Bus System Message Bus Socket.
[[0;32m  OK  [0m] Started Daily apt download activities.
[   12.955428] cloud-init[640]: Your identification has been saved in /etc/ssh/ssh_host_ecdsa_key.
[   12.971316] cloud-init[640]: Your public key has been saved in /etc/ssh/ssh_host_ecdsa_key.pub.
[   12.972965] cloud-init[640]: The key fingerprint is:
[   12.973772] cloud-init[640]: SHA256:lGyTEIYnd3Gai4uAf7Xo3gM1dqZdN9a0gyoUzQ5sPbU root@ubuntu-bionic[[0;32m  OK  [0m] Started ACPI Events Check.
[[0;32m  OK  [0m] Started Daily Cleanup of Temporary Directories.
         Starting Socket activation for snappy daemon.
[[0;32m  OK  [0m] Started Message of the Day.
[[0;32m  OK  [0m] Reached target Paths.

[   12.980011] cloud-init[640]: The key's randomart image is:
[   12.981842] cloud-init[640]: +---[ECDSA 256]---+
[   12.982831] cloud-init[640]: |     .+o.=...    |
[   12.983632] cloud-init[640]: |    o.oo**=  ..  |
[   12.984238] cloud-init[640]: |     + oX+ .E+ . |
[   12.984950] cloud-init[640]: | .    +++oo = +  |
[   12.986045] cloud-init[640]: |. .  ooBS. + . . |
[   12.986999] cloud-init[640]: | . ..+.oo .      |
[   12.987571] cloud-init[640]: |  . +.o  .       |
[   12.988184] cloud-init[640]: |   o ..          |
[   12.988729] cloud-init[640]: |   .o ..         |
[   12.989280] cloud-init[640]: +----[SHA256]-----+
         Starting LXD - unix socket.
[[0;32m  OK  [0m] Started Discard unused blocks once a week.
[[0;32m  OK  [0m] Started Daily apt upgrade and clean activities.
[[0;32m  OK  [0m] Reached target Timers.
[[0;32m  OK  [0m] Listening on ACPID Listen Socket.
[[0;32m  OK  [0m] Listening on UUID daemon activation socket.
[[0;32m  OK  [0m] Reached target Network is Online.
[   13.000960] [[0;32m  OK  [0m] Reached target Remote File Systems (Pre).
[[0;32m  OK  [0m] Reached target Remote File Systems.
cloud-init[640]: Generating public/private ed25519 key pair.
         Starting Availability of block devices...
[   13.005192] cloud-init[640]: Your identification has been saved in /etc/ssh/ssh_host_ed25519_key.
[[0;32m  OK  [0m] Reached target Cloud-config availability.
[[0;32m  OK  [0m] Listening on Socket activation for snappy daemon.
[   13.008252] cloud-init[640]: Your public key has been saved in /etc/ssh/ssh_host_ed25519_key.pub.
[[0;32m  OK  [0m] Listening on LXD - unix socket.
[[0;32m  OK  [0m] Reached target Sockets.
[   13.012828] cloud-init[640]: The key fingerprint is:
[[0;32m  OK  [0m] Reached target Basic System.
[   13.017080] cloud-init[640]: SHA256:ewbG7r7NTDFiUG//kagP6WkHjgE1FmiTpRTAenHOg9E root@ubuntu-bionic
[   13.019521] cloud-init[640]: The key's randomart image is:         Starting Virtualbox guest utils...
         Starting System Logging Service...

[   13.023417] cloud-init[640]: +--[ED25519 256]--+
         Starting Pollinate to seed the pseudo random number generator...
[   13.026358] cloud-init[640]: |   ..oo=+.       |
[[0;32m  OK  [0m] Started irqbalance daemon.
[   13.030227] cloud-init[640]: |    +.Eo+.       |
         Starting Dispatcher daemon for systemd-networkd...[   13.033130] cloud-init[640]: |   . Oo+ .o      |
[   13.033613] cloud-init[640]: |  . o =o . . . . |
[   13.033919] cloud-init[640]: |   .   oS o o o  |
[   13.034566] cloud-init[640]: |       +.+.= . . |
[   13.035122] cloud-init[640]: |        o+B.  .  |
[   13.035454] cloud-init[640]: |       ..Oo+.    |
[   13.035987] 
[[0;32m  OK  [0m] Started Regular background program processing daemon.
         Starting LSB: automatic crash report generation...
[[0;32m  OK  [0m] Started Deferred execution scheduler.
[[0;32m  OK  [0m] Started FUSE filesystem for LXC.
         Starting Permit User Sessions...
cloud-init[640]: |       .+o*..    |
         Starting LXD - container startup/shutdown...
[[0;32m  OK  [0m] Started D-Bus System Message Bus.
[   13.057799] cloud-init[640]: +----[SHA256]-----+
         Starting Login Service...
         Starting LSB: Record successful boot for GRUB...
         Starting Accounts Service...
         Starting Snappy daemon...
[[0;32m  OK  [0m] Started System Logging Service.
[[0;32m  OK  [0m] Started Availability of block devices.
[[0;32m  OK  [0m] Started Permit User Sessions.
         Starting Hold until boot process finishes up...
         Starting Terminate Plymouth Boot Screen...
[[0;32m  OK  [0m] Started Hold until boot process finishes up.
[[0;32m  OK  [0m] Started Terminate Plymouth Boot Screen.
         Starting Set console scheme...
[[0;32m  OK  [0m] Started Serial Getty on ttyS0.
[[0;32m  OK  [0m] Started Login Service.
[[0;32m  OK  [0m] Started Unattended Upgrades Shutdown.
[[0;32m  OK  [0m] Started Set console scheme.
[[0;32m  OK  [0m] Created slice system-getty.slice.
[[0;32m  OK  [0m] Started Getty on tty1.
[[0;32m  OK  [0m] Reached target Login Prompts.
[[0;32m  OK  [0m] Started LSB: automatic crash report generation.
[[0;32m  OK  [0m] Started LSB: Record successful boot for GRUB.
         Starting Authorization Manager...
[[0;32m  OK  [0m] Started Virtualbox guest utils.
[[0;32m  OK  [0m] Started Authorization Manager.
[[0;32m  OK  [0m] Started Accounts Service.
[[0;32m  OK  [0m] Started Dispatcher daemon for systemd-networkd.
[[0;32m  OK  [0m] Started LXD - container startup/shutdown.
[[0;32m  OK  [0m] Started Snappy daemon.
         Starting Wait until snapd is fully seeded...
[[0;32m  OK  [0m] Started Pollinate to seed the pseudo random number generator.
         Starting OpenBSD Secure Shell server...
[[0;32m  OK  [0m] Started OpenBSD Secure Shell server.
[[0;32m  OK  [0m] Created slice User Slice of vagrant.
         Starting User Manager for UID 1000...
[[0;32m  OK  [0m] Started Session 1 of user vagrant.
[[0;32m  OK  [0m] Started User Manager for UID 1000.
[[0;32m  OK  [0m] Started Wait until snapd is fully seeded.
[[0;32m  OK  [0m] Reached target Multi-User System.
[[0;32m  OK  [0m] Reached target Graphical Interface.
         Starting Update UTMP about System Runlevel Changes...
         Starting Apply the settings specified in cloud-config...
[[0;32m  OK  [0m] Started Update UTMP about System Runlevel Changes.

Ubuntu 18.04.4 LTS ubuntu-bionic ttyS0

ubuntu-bionic login: [   19.984905] cloud-init[1224]: Cloud-init v. 19.4-33-gbb4131a2-0ubuntu1~18.04.1 running 'modules:config' at Sat, 30 May 2020 22:00:38 +0000. Up 18.11 seconds.
ci-info: no authorized SSH keys fingerprints found for user ubuntu.
<14>May 30 22:00:41 ec2: 
<14>May 30 22:00:41 ec2: #############################################################
<14>May 30 22:00:41 ec2: -----BEGIN SSH HOST KEY FINGERPRINTS-----
<14>May 30 22:00:41 ec2: 1024 SHA256:ub3DU+zv85/8EDxkNfcF8f4Xpncf5qM+kvniwp/HQJw root@ubuntu-bionic (DSA)
<14>May 30 22:00:41 ec2: 256 SHA256:lGyTEIYnd3Gai4uAf7Xo3gM1dqZdN9a0gyoUzQ5sPbU root@ubuntu-bionic (ECDSA)
<14>May 30 22:00:41 ec2: 256 SHA256:ewbG7r7NTDFiUG//kagP6WkHjgE1FmiTpRTAenHOg9E root@ubuntu-bionic (ED25519)
<14>May 30 22:00:41 ec2: 2048 SHA256:wlPOOuyDl/j4JXnFsDj7VS2M7zdZdEHQXmIStYVzmNE root@ubuntu-bionic (RSA)
<14>May 30 22:00:41 ec2: -----END SSH HOST KEY FINGERPRINTS-----
<14>May 30 22:00:41 ec2: #############################################################
-----BEGIN SSH HOST KEY KEYS-----
ecdsa-sha2-nistp256 AAAAE2VjZHNhLXNoYTItbmlzdHAyNTYAAAAIbmlzdHAyNTYAAABBBJZFrF41WfNwfmqh5UBSZNmjPvgX53HSJIawyJrJK3qqkcrjahlIfNts8n9Ee6jOpErZIMh3dzC+nhZEqLyBwFM= root@ubuntu-bionic
ssh-ed25519 AAAAC3NzaC1lZDI1NTE5AAAAIBqlvUmX3g1yZylJwczJbdTHXfUa+FlTk3Fce4k0Siqx root@ubuntu-bionic
ssh-rsa AAAAB3NzaC1yc2EAAAADAQABAAABAQDbOCOw1vgCOZiDbolumM6JKHktP6Kd3vXZKNrTogjd45OQNuOurMoKr1GWggil7/AYHM/vRMIDAgGG85L5B0aW/Ia/N8wLwdCfPcJUUvJ4Io6qINAYeV3v5wUrWAQEhmYhfUZiDkzY1YCeWE8BUiBJjGLwGmczIbUdUJUz5qJmRu37Y8Y1wXZJxaat5E3sOaA4F2g4yyGn87b0MgWOoKDamGuoSCOj9FSmC6vIFE64SHpZAXblAZD7ALUt+BvCP+iPJtMPpU6ReJmK5jeMcv9TlpubCLFWjuv4zJLaXXgox6jCDEb3gkOz733rwaT2KnFOWP8fFr1HiItAfhBymFQv root@ubuntu-bionic
-----END SSH HOST KEY KEYS-----
[   20.948671] cloud-init[1352]: Cloud-init v. 19.4-33-gbb4131a2-0ubuntu1~18.04.1 running 'modules:final' at Sat, 30 May 2020 22:00:41 +0000. Up 20.74 seconds.
[   20.949917] cloud-init[1352]: ci-info: no authorized SSH keys fingerprints found for user ubuntu.
[   20.951059] cloud-init[1352]: Cloud-init v. 19.4-33-gbb4131a2-0ubuntu1~18.04.1 finished at Sat, 30 May 2020 22:00:41 +0000. Datasource DataSourceNoCloud [seed=/dev/sdb][dsmode=net].  Up 20.93 seconds
